{"/home/travis/build/npmtest/node-npmtest-oauth2-server/test.js":{"path":"/home/travis/build/npmtest/node-npmtest-oauth2-server/test.js","s":{"1":2,"2":2,"3":2,"4":2,"5":2,"6":2,"7":2,"8":1,"9":2,"10":2,"11":1,"12":1,"13":1,"14":1,"15":2,"16":2,"17":2,"18":2,"19":1,"20":1,"21":2,"22":2,"23":2,"24":1,"25":1,"26":1,"27":1,"28":1,"29":1,"30":1,"31":1,"32":1,"33":1,"34":1,"35":1,"36":1,"37":1,"38":1,"39":2,"40":2,"41":1,"42":2,"43":2,"44":1,"45":2,"46":2,"47":1,"48":2,"49":2,"50":1,"51":1,"52":1,"53":1,"54":1},"b":{"1":[2,1,1,1],"2":[1,1,1,1],"3":[1,1],"4":[1,1],"5":[1,1],"6":[1,1],"7":[1,1],"8":[1,1],"9":[1,1],"10":[1,1,1],"11":[1,1],"12":[1,1],"13":[1,1],"14":[1,1],"15":[1,1],"16":[1,1],"17":[1,1]},"f":{"1":2,"2":2,"3":2,"4":2,"5":2,"6":1,"7":1,"8":1,"9":2,"10":2,"11":2,"12":2,"13":1},"fnMap":{"1":{"name":"(anonymous_1)","line":12,"loc":{"start":{"line":12,"column":1},"end":{"line":12,"column":13}}},"2":{"name":"(anonymous_2)","line":19,"loc":{"start":{"line":19,"column":5},"end":{"line":19,"column":17}}},"3":{"name":"(anonymous_3)","line":23,"loc":{"start":{"line":23,"column":24},"end":{"line":23,"column":36}}},"4":{"name":"(anonymous_4)","line":61,"loc":{"start":{"line":61,"column":5},"end":{"line":61,"column":17}}},"5":{"name":"(anonymous_5)","line":82,"loc":{"start":{"line":82,"column":5},"end":{"line":82,"column":17}}},"6":{"name":"(anonymous_6)","line":91,"loc":{"start":{"line":91,"column":77},"end":{"line":94,"column":10}}},"7":{"name":"(anonymous_7)","line":112,"loc":{"start":{"line":112,"column":83},"end":{"line":115,"column":10}},"skip":true},"8":{"name":"(anonymous_8)","line":123,"loc":{"start":{"line":123,"column":77},"end":{"line":126,"column":10}},"skip":true},"9":{"name":"(anonymous_9)","line":139,"loc":{"start":{"line":139,"column":12},"end":{"line":139,"column":40}},"skip":true},"10":{"name":"(anonymous_10)","line":147,"loc":{"start":{"line":147,"column":77},"end":{"line":150,"column":10}},"skip":true},"11":{"name":"(anonymous_11)","line":158,"loc":{"start":{"line":158,"column":83},"end":{"line":161,"column":10}},"skip":true},"12":{"name":"(anonymous_12)","line":169,"loc":{"start":{"line":169,"column":79},"end":{"line":172,"column":10}},"skip":true},"13":{"name":"(anonymous_13)","line":180,"loc":{"start":{"line":180,"column":75},"end":{"line":183,"column":10}},"skip":true}},"statementMap":{"1":{"start":{"line":12,"column":0},"end":{"line":195,"column":5}},"2":{"start":{"line":14,"column":4},"end":{"line":14,"column":14}},"3":{"start":{"line":19,"column":4},"end":{"line":56,"column":9}},"4":{"start":{"line":21,"column":8},"end":{"line":21,"column":19}},"5":{"start":{"line":23,"column":8},"end":{"line":35,"column":13}},"6":{"start":{"line":24,"column":12},"end":{"line":34,"column":13}},"7":{"start":{"line":25,"column":16},"end":{"line":28,"column":30}},"8":{"start":{"line":30,"column":16},"end":{"line":33,"column":27}},"9":{"start":{"line":37,"column":8},"end":{"line":39,"column":21}},"10":{"start":{"line":40,"column":8},"end":{"line":53,"column":9}},"11":{"start":{"line":43,"column":12},"end":{"line":46,"column":14}},"12":{"start":{"line":47,"column":12},"end":{"line":47,"column":18}},"13":{"start":{"line":50,"column":12},"end":{"line":51,"column":33}},"14":{"start":{"line":52,"column":12},"end":{"line":52,"column":18}},"15":{"start":{"line":55,"column":8},"end":{"line":55,"column":35}},"16":{"start":{"line":61,"column":4},"end":{"line":63,"column":9}},"17":{"start":{"line":62,"column":8},"end":{"line":62,"column":15}},"18":{"start":{"line":64,"column":4},"end":{"line":77,"column":5}},"19":{"start":{"line":70,"column":8},"end":{"line":70,"column":14}},"20":{"start":{"line":76,"column":8},"end":{"line":76,"column":14}},"21":{"start":{"line":82,"column":4},"end":{"line":84,"column":9}},"22":{"start":{"line":83,"column":8},"end":{"line":83,"column":15}},"23":{"start":{"line":85,"column":4},"end":{"line":194,"column":5}},"24":{"start":{"line":91,"column":8},"end":{"line":99,"column":10}},"25":{"start":{"line":98,"column":12},"end":{"line":98,"column":35}},"26":{"start":{"line":102,"column":8},"end":{"line":104,"column":63}},"27":{"start":{"line":105,"column":8},"end":{"line":105,"column":14}},"28":{"start":{"line":112,"column":8},"end":{"line":121,"column":10},"skip":true},"29":{"start":{"line":119,"column":12},"end":{"line":119,"column":55},"skip":true},"30":{"start":{"line":120,"column":12},"end":{"line":120,"column":48},"skip":true},"31":{"start":{"line":123,"column":8},"end":{"line":136,"column":10},"skip":true},"32":{"start":{"line":130,"column":12},"end":{"line":130,"column":76},"skip":true},"33":{"start":{"line":131,"column":12},"end":{"line":131,"column":73},"skip":true},"34":{"start":{"line":132,"column":12},"end":{"line":132,"column":74},"skip":true},"35":{"start":{"line":133,"column":12},"end":{"line":133,"column":79},"skip":true},"36":{"start":{"line":134,"column":12},"end":{"line":134,"column":25},"skip":true},"37":{"start":{"line":135,"column":12},"end":{"line":135,"column":45},"skip":true},"38":{"start":{"line":138,"column":8},"end":{"line":145,"column":14},"skip":true},"39":{"start":{"line":143,"column":16},"end":{"line":143,"column":29},"skip":true},"40":{"start":{"line":144,"column":16},"end":{"line":144,"column":55},"skip":true},"41":{"start":{"line":147,"column":8},"end":{"line":156,"column":10},"skip":true},"42":{"start":{"line":154,"column":12},"end":{"line":154,"column":25},"skip":true},"43":{"start":{"line":155,"column":12},"end":{"line":155,"column":45},"skip":true},"44":{"start":{"line":158,"column":8},"end":{"line":167,"column":10},"skip":true},"45":{"start":{"line":165,"column":12},"end":{"line":165,"column":25},"skip":true},"46":{"start":{"line":166,"column":12},"end":{"line":166,"column":48},"skip":true},"47":{"start":{"line":169,"column":8},"end":{"line":178,"column":10},"skip":true},"48":{"start":{"line":176,"column":12},"end":{"line":176,"column":25},"skip":true},"49":{"start":{"line":177,"column":12},"end":{"line":177,"column":46},"skip":true},"50":{"start":{"line":180,"column":8},"end":{"line":189,"column":10},"skip":true},"51":{"start":{"line":187,"column":12},"end":{"line":187,"column":94},"skip":true},"52":{"start":{"line":188,"column":12},"end":{"line":188,"column":48},"skip":true},"53":{"start":{"line":192,"column":8},"end":{"line":192,"column":35},"skip":true},"54":{"start":{"line":193,"column":8},"end":{"line":193,"column":14},"skip":true}},"branchMap":{"1":{"line":25,"type":"binary-expr","locations":[{"start":{"line":25,"column":23},"end":{"line":25,"column":62}},{"start":{"line":26,"column":20},"end":{"line":26,"column":70}},{"start":{"line":27,"column":20},"end":{"line":27,"column":71}},{"start":{"line":28,"column":20},"end":{"line":28,"column":29}}]},"2":{"line":30,"type":"binary-expr","locations":[{"start":{"line":30,"column":23},"end":{"line":30,"column":37}},{"start":{"line":31,"column":20},"end":{"line":31,"column":61}},{"start":{"line":32,"column":20},"end":{"line":32,"column":70}},{"start":{"line":33,"column":20},"end":{"line":33,"column":26}}]},"3":{"line":37,"type":"cond-expr","locations":[{"start":{"line":38,"column":14},"end":{"line":38,"column":20}},{"start":{"line":39,"column":14},"end":{"line":39,"column":20}}]},"4":{"line":40,"type":"switch","locations":[{"start":{"line":42,"column":8},"end":{"line":47,"column":18}},{"start":{"line":49,"column":8},"end":{"line":52,"column":18}}]},"5":{"line":44,"type":"binary-expr","locations":[{"start":{"line":44,"column":16},"end":{"line":44,"column":44}},{"start":{"line":44,"column":48},"end":{"line":44,"column":66}}]},"6":{"line":50,"type":"binary-expr","locations":[{"start":{"line":50,"column":21},"end":{"line":50,"column":49}},{"start":{"line":50,"column":53},"end":{"line":50,"column":72}}]},"7":{"line":64,"type":"switch","locations":[{"start":{"line":69,"column":4},"end":{"line":70,"column":14}},{"start":{"line":75,"column":4},"end":{"line":76,"column":14}}]},"8":{"line":85,"type":"switch","locations":[{"start":{"line":90,"column":4},"end":{"line":105,"column":14}},{"start":{"line":111,"column":4},"end":{"line":193,"column":14},"skip":true}]},"9":{"line":91,"type":"binary-expr","locations":[{"start":{"line":91,"column":42},"end":{"line":91,"column":73}},{"start":{"line":91,"column":77},"end":{"line":99,"column":9}}]},"10":{"line":102,"type":"binary-expr","locations":[{"start":{"line":102,"column":18},"end":{"line":102,"column":32}},{"start":{"line":103,"column":12},"end":{"line":103,"column":53}},{"start":{"line":104,"column":12},"end":{"line":104,"column":61}}]},"11":{"line":112,"type":"binary-expr","locations":[{"start":{"line":112,"column":45},"end":{"line":112,"column":79},"skip":true},{"start":{"line":112,"column":83},"end":{"line":121,"column":9},"skip":true}]},"12":{"line":123,"type":"binary-expr","locations":[{"start":{"line":123,"column":42},"end":{"line":123,"column":73},"skip":true},{"start":{"line":123,"column":77},"end":{"line":136,"column":9},"skip":true}]},"13":{"line":138,"type":"binary-expr","locations":[{"start":{"line":138,"column":48},"end":{"line":138,"column":85},"skip":true},{"start":{"line":139,"column":12},"end":{"line":145,"column":13},"skip":true}]},"14":{"line":147,"type":"binary-expr","locations":[{"start":{"line":147,"column":42},"end":{"line":147,"column":73},"skip":true},{"start":{"line":147,"column":77},"end":{"line":156,"column":9},"skip":true}]},"15":{"line":158,"type":"binary-expr","locations":[{"start":{"line":158,"column":45},"end":{"line":158,"column":79},"skip":true},{"start":{"line":158,"column":83},"end":{"line":167,"column":9},"skip":true}]},"16":{"line":169,"type":"binary-expr","locations":[{"start":{"line":169,"column":43},"end":{"line":169,"column":75},"skip":true},{"start":{"line":169,"column":79},"end":{"line":178,"column":9},"skip":true}]},"17":{"line":180,"type":"binary-expr","locations":[{"start":{"line":180,"column":41},"end":{"line":180,"column":71},"skip":true},{"start":{"line":180,"column":75},"end":{"line":189,"column":9},"skip":true}]}},"code":["/* istanbul instrument in package npmtest_oauth2_server */","/*jslint","    bitwise: true,","    browser: true,","    maxerr: 8,","    maxlen: 96,","    node: true,","    nomen: true,","    regexp: true,","    stupid: true","*/","(function () {","    'use strict';","    var local;","","","","    // run shared js-env code - init-before","    (function () {","        // init local","        local = {};","        // init modeJs","        local.modeJs = (function () {","            try {","                return typeof navigator.userAgent === 'string' &&","                    typeof document.querySelector('body') === 'object' &&","                    typeof XMLHttpRequest.prototype.open === 'function' &&","                    'browser';","            } catch (errorCaughtBrowser) {","                return module.exports &&","                    typeof process.versions.node === 'string' &&","                    typeof require('http').createServer === 'function' &&","                    'node';","            }","        }());","        // init global","        local.global = local.modeJs === 'browser'","            ? window","            : global;","        switch (local.modeJs) {","        // re-init local from window.local","        case 'browser':","            local = local.global.utility2.objectSetDefault(","                local.global.utility2_rollup || local.global.local,","                local.global.utility2","            );","            break;","        // re-init local from example.js","        case 'node':","            local = (local.global.utility2_rollup || require('utility2'))","                .requireReadme();","            break;","        }","        // export local","        local.global.local = local;","    }());","","","","    // run shared js-env code - function","    (function () {","        return;","    }());","    switch (local.modeJs) {","","","","    // run browser js-env code - function","    case 'browser':","        break;","","","","    // run node js-env code - function","    case 'node':","        break;","    }","","","","    // run shared js-env code - init-after","    (function () {","        return;","    }());","    switch (local.modeJs) {","","","","    // run browser js-env code - init-after","    case 'browser':","        local.testCase_browser_nullCase = local.testCase_browser_nullCase || function (","            options,","            onError","        ) {","        /*","         * this function will test browsers's null-case handling-behavior-behavior","         */","            onError(null, options);","        };","","        // run tests","        local.nop(local.modeTest &&","            document.querySelector('#testRunButton1') &&","            document.querySelector('#testRunButton1').click());","        break;","","","","    // run node js-env code - init-after","    /* istanbul ignore next */","    case 'node':","        local.testCase_buildApidoc_default = local.testCase_buildApidoc_default || function (","            options,","            onError","        ) {","        /*","         * this function will test buildApidoc's default handling-behavior-behavior","         */","            options = { modulePathList: module.paths };","            local.buildApidoc(options, onError);","        };","","        local.testCase_buildApp_default = local.testCase_buildApp_default || function (","            options,","            onError","        ) {","        /*","         * this function will test buildApp's default handling-behavior-behavior","         */","            local.testCase_buildReadme_default(options, local.onErrorThrow);","            local.testCase_buildLib_default(options, local.onErrorThrow);","            local.testCase_buildTest_default(options, local.onErrorThrow);","            local.testCase_buildCustomOrg_default(options, local.onErrorThrow);","            options = [];","            local.buildApp(options, onError);","        };","","        local.testCase_buildCustomOrg_default = local.testCase_buildCustomOrg_default ||","            function (options, onError) {","            /*","             * this function will test buildCustomOrg's default handling-behavior","             */","                options = {};","                local.buildCustomOrg(options, onError);","            };","","        local.testCase_buildLib_default = local.testCase_buildLib_default || function (","            options,","            onError","        ) {","        /*","         * this function will test buildLib's default handling-behavior","         */","            options = {};","            local.buildLib(options, onError);","        };","","        local.testCase_buildReadme_default = local.testCase_buildReadme_default || function (","            options,","            onError","        ) {","        /*","         * this function will test buildReadme's default handling-behavior-behavior","         */","            options = {};","            local.buildReadme(options, onError);","        };","","        local.testCase_buildTest_default = local.testCase_buildTest_default || function (","            options,","            onError","        ) {","        /*","         * this function will test buildTest's default handling-behavior","         */","            options = {};","            local.buildTest(options, onError);","        };","","        local.testCase_webpage_default = local.testCase_webpage_default || function (","            options,","            onError","        ) {","        /*","         * this function will test webpage's default handling-behavior","         */","            options = { modeCoverageMerge: true, url: local.serverLocalHost + '?modeTest=1' };","            local.browserTest(options, onError);","        };","","        // run test-server","        local.testRunServer(local);","        break;","    }","}());",""],"l":{"12":2,"14":2,"19":2,"21":2,"23":2,"24":2,"25":2,"30":1,"37":2,"40":2,"43":1,"47":1,"50":1,"52":1,"55":2,"61":2,"62":2,"64":2,"70":1,"76":1,"82":2,"83":2,"85":2,"91":1,"98":1,"102":1,"105":1,"112":1,"119":1,"120":1,"123":1,"130":1,"131":1,"132":1,"133":1,"134":1,"135":1,"138":1,"143":2,"144":2,"147":1,"154":2,"155":2,"158":1,"165":2,"166":2,"169":1,"176":2,"177":2,"180":1,"187":1,"188":1,"192":1,"193":1}},"/home/travis/build/npmtest/node-npmtest-oauth2-server/lib.npmtest_oauth2_server.js":{"path":"/home/travis/build/npmtest/node-npmtest-oauth2-server/lib.npmtest_oauth2_server.js","s":{"1":2,"2":2,"3":2,"4":2,"5":2,"6":2,"7":2,"8":1,"9":2,"10":2,"11":2,"12":2,"13":1,"14":1,"15":1,"16":1},"b":{"1":[2,1,1,1],"2":[1,1,1,1],"3":[1,1],"4":[2,2],"5":[1,1]},"f":{"1":2,"2":2,"3":2},"fnMap":{"1":{"name":"(anonymous_1)","line":12,"loc":{"start":{"line":12,"column":1},"end":{"line":12,"column":13}}},"2":{"name":"(anonymous_2)","line":19,"loc":{"start":{"line":19,"column":5},"end":{"line":19,"column":17}}},"3":{"name":"(anonymous_3)","line":23,"loc":{"start":{"line":23,"column":24},"end":{"line":23,"column":36}}}},"statementMap":{"1":{"start":{"line":12,"column":0},"end":{"line":53,"column":5}},"2":{"start":{"line":14,"column":4},"end":{"line":14,"column":14}},"3":{"start":{"line":19,"column":4},"end":{"line":52,"column":9}},"4":{"start":{"line":21,"column":8},"end":{"line":21,"column":19}},"5":{"start":{"line":23,"column":8},"end":{"line":35,"column":13}},"6":{"start":{"line":24,"column":12},"end":{"line":34,"column":13}},"7":{"start":{"line":25,"column":16},"end":{"line":28,"column":30}},"8":{"start":{"line":30,"column":16},"end":{"line":33,"column":27}},"9":{"start":{"line":37,"column":8},"end":{"line":39,"column":21}},"10":{"start":{"line":41,"column":8},"end":{"line":41,"column":54}},"11":{"start":{"line":43,"column":8},"end":{"line":43,"column":58}},"12":{"start":{"line":45,"column":8},"end":{"line":51,"column":9}},"13":{"start":{"line":46,"column":12},"end":{"line":46,"column":64}},"14":{"start":{"line":48,"column":12},"end":{"line":48,"column":35}},"15":{"start":{"line":49,"column":12},"end":{"line":49,"column":49}},"16":{"start":{"line":50,"column":12},"end":{"line":50,"column":43}}},"branchMap":{"1":{"line":25,"type":"binary-expr","locations":[{"start":{"line":25,"column":23},"end":{"line":25,"column":62}},{"start":{"line":26,"column":20},"end":{"line":26,"column":70}},{"start":{"line":27,"column":20},"end":{"line":27,"column":71}},{"start":{"line":28,"column":20},"end":{"line":28,"column":29}}]},"2":{"line":30,"type":"binary-expr","locations":[{"start":{"line":30,"column":23},"end":{"line":30,"column":37}},{"start":{"line":31,"column":20},"end":{"line":31,"column":61}},{"start":{"line":32,"column":20},"end":{"line":32,"column":70}},{"start":{"line":33,"column":20},"end":{"line":33,"column":26}}]},"3":{"line":37,"type":"cond-expr","locations":[{"start":{"line":38,"column":14},"end":{"line":38,"column":20}},{"start":{"line":39,"column":14},"end":{"line":39,"column":20}}]},"4":{"line":41,"type":"binary-expr","locations":[{"start":{"line":41,"column":16},"end":{"line":41,"column":44}},{"start":{"line":41,"column":48},"end":{"line":41,"column":53}}]},"5":{"line":45,"type":"if","locations":[{"start":{"line":45,"column":8},"end":{"line":45,"column":8}},{"start":{"line":45,"column":8},"end":{"line":45,"column":8}}]}},"code":["/* istanbul instrument in package npmtest_oauth2_server */","/*jslint","    bitwise: true,","    browser: true,","    maxerr: 8,","    maxlen: 96,","    node: true,","    nomen: true,","    regexp: true,","    stupid: true","*/","(function () {","    'use strict';","    var local;","","","","    // run shared js-env code - init-before","    (function () {","        // init local","        local = {};","        // init modeJs","        local.modeJs = (function () {","            try {","                return typeof navigator.userAgent === 'string' &&","                    typeof document.querySelector('body') === 'object' &&","                    typeof XMLHttpRequest.prototype.open === 'function' &&","                    'browser';","            } catch (errorCaughtBrowser) {","                return module.exports &&","                    typeof process.versions.node === 'string' &&","                    typeof require('http').createServer === 'function' &&","                    'node';","            }","        }());","        // init global","        local.global = local.modeJs === 'browser'","            ? window","            : global;","        // init utility2_rollup","        local = local.global.utility2_rollup || local;","        // init lib","        local.local = local.npmtest_oauth2_server = local;","        // init exports","        if (local.modeJs === 'browser') {","            local.global.utility2_npmtest_oauth2_server = local;","        } else {","            module.exports = local;","            module.exports.__dirname = __dirname;","            module.exports.module = module;","        }","    }());","}());",""],"l":{"12":2,"14":2,"19":2,"21":2,"23":2,"24":2,"25":2,"30":1,"37":2,"41":2,"43":2,"45":2,"46":1,"48":1,"49":1,"50":1}},"/home/travis/build/npmtest/node-npmtest-oauth2-server/example.js":{"path":"/home/travis/build/npmtest/node-npmtest-oauth2-server/example.js","s":{"1":2,"2":2,"3":2,"4":2,"5":2,"6":2,"7":2,"8":1,"9":2,"10":2,"11":2,"12":2,"13":1,"14":2,"15":2,"16":2,"17":2,"18":2,"19":0,"20":2,"21":1,"22":1,"23":1,"24":1,"25":1,"26":0,"27":0,"28":1,"29":1,"30":2,"31":0,"32":0,"33":0,"34":1,"35":2,"36":2,"37":3,"38":3,"39":3,"40":3,"41":0,"42":3,"43":3,"44":3,"45":1,"46":3,"47":1,"48":1,"49":1,"50":1,"51":1,"52":1,"53":1,"54":1,"55":1,"56":1,"57":0,"58":1,"59":6,"60":6,"61":1,"62":2,"63":0,"64":2,"65":1,"66":1,"67":0,"68":0,"69":0,"70":0,"71":0,"72":0,"73":0,"74":0,"75":0,"76":0,"77":0,"78":0,"79":0,"80":0,"81":0,"82":0,"83":0},"b":{"1":[2,1,1,1],"2":[1,1,1,1],"3":[1,1],"4":[2,2],"5":[1,1],"6":[1,1],"7":[2,0],"8":[2,1,1,1,1,1],"9":[0,2,0],"10":[1,1],"11":[2,1,1],"12":[1,0],"13":[0,2],"14":[2,0,0,0,0,0,0],"15":[0,3],"16":[3,0],"17":[1,1],"18":[0,1],"19":[1,2,0,2],"20":[1,0],"21":[1,1],"22":[0,0],"23":[0,0],"24":[0,0],"25":[0,0],"26":[0,0],"27":[0,0],"28":[0,0]},"f":{"1":2,"2":2,"3":2,"4":2,"5":2,"6":2,"7":3,"8":3,"9":3,"10":1,"11":6,"12":0},"fnMap":{"1":{"name":"(anonymous_1)","line":26,"loc":{"start":{"line":26,"column":1},"end":{"line":26,"column":13}}},"2":{"name":"(anonymous_2)","line":33,"loc":{"start":{"line":33,"column":5},"end":{"line":33,"column":17}}},"3":{"name":"(anonymous_3)","line":37,"loc":{"start":{"line":37,"column":24},"end":{"line":37,"column":36}}},"4":{"name":"(anonymous_4)","line":69,"loc":{"start":{"line":69,"column":31},"end":{"line":69,"column":48}},"skip":true},"5":{"name":"(anonymous_5)","line":78,"loc":{"start":{"line":78,"column":26},"end":{"line":78,"column":45}},"skip":true},"6":{"name":"(anonymous_6)","line":123,"loc":{"start":{"line":123,"column":33},"end":{"line":123,"column":48}},"skip":true},"7":{"name":"(anonymous_7)","line":125,"loc":{"start":{"line":125,"column":27},"end":{"line":125,"column":39}},"skip":true},"8":{"name":"(anonymous_8)","line":133,"loc":{"start":{"line":133,"column":59},"end":{"line":133,"column":74}},"skip":true},"9":{"name":"(anonymous_9)","line":143,"loc":{"start":{"line":143,"column":45},"end":{"line":143,"column":62}},"skip":true},"10":{"name":"(anonymous_10)","line":144,"loc":{"start":{"line":144,"column":73},"end":{"line":144,"column":92}},"skip":true},"11":{"name":"(anonymous_11)","line":272,"loc":{"start":{"line":272,"column":51},"end":{"line":272,"column":77}},"skip":true},"12":{"name":"(anonymous_12)","line":315,"loc":{"start":{"line":315,"column":32},"end":{"line":315,"column":61}},"skip":true}},"statementMap":{"1":{"start":{"line":26,"column":0},"end":{"line":326,"column":5}},"2":{"start":{"line":28,"column":4},"end":{"line":28,"column":14}},"3":{"start":{"line":33,"column":4},"end":{"line":60,"column":9}},"4":{"start":{"line":35,"column":8},"end":{"line":35,"column":19}},"5":{"start":{"line":37,"column":8},"end":{"line":49,"column":13}},"6":{"start":{"line":38,"column":12},"end":{"line":48,"column":13}},"7":{"start":{"line":39,"column":16},"end":{"line":42,"column":30}},"8":{"start":{"line":44,"column":16},"end":{"line":47,"column":27}},"9":{"start":{"line":51,"column":8},"end":{"line":53,"column":21}},"10":{"start":{"line":55,"column":8},"end":{"line":57,"column":45}},"11":{"start":{"line":59,"column":8},"end":{"line":59,"column":35}},"12":{"start":{"line":61,"column":4},"end":{"line":325,"column":5}},"13":{"start":{"line":69,"column":8},"end":{"line":121,"column":10},"skip":true},"14":{"start":{"line":70,"column":12},"end":{"line":88,"column":13},"skip":true},"15":{"start":{"line":76,"column":16},"end":{"line":87,"column":19},"skip":true},"16":{"start":{"line":79,"column":20},"end":{"line":86,"column":21},"skip":true},"17":{"start":{"line":82,"column":24},"end":{"line":82,"column":43},"skip":true},"18":{"start":{"line":83,"column":24},"end":{"line":83,"column":30},"skip":true},"19":{"start":{"line":85,"column":24},"end":{"line":85,"column":49},"skip":true},"20":{"start":{"line":89,"column":12},"end":{"line":107,"column":13},"skip":true},"21":{"start":{"line":92,"column":16},"end":{"line":102,"column":17},"skip":true},"22":{"start":{"line":93,"column":20},"end":{"line":93,"column":86},"skip":true},"23":{"start":{"line":94,"column":20},"end":{"line":95,"column":45},"skip":true},"24":{"start":{"line":96,"column":20},"end":{"line":96,"column":42},"skip":true},"25":{"start":{"line":97,"column":20},"end":{"line":97,"column":48},"skip":true},"26":{"start":{"line":100,"column":20},"end":{"line":100,"column":85},"skip":true},"27":{"start":{"line":101,"column":20},"end":{"line":101,"column":96},"skip":true},"28":{"start":{"line":103,"column":16},"end":{"line":103,"column":22},"skip":true},"29":{"start":{"line":106,"column":16},"end":{"line":106,"column":22},"skip":true},"30":{"start":{"line":108,"column":12},"end":{"line":120,"column":13},"skip":true},"31":{"start":{"line":114,"column":16},"end":{"line":119,"column":17},"skip":true},"32":{"start":{"line":116,"column":20},"end":{"line":116,"column":78},"skip":true},"33":{"start":{"line":118,"column":20},"end":{"line":118,"column":47},"skip":true},"34":{"start":{"line":123,"column":8},"end":{"line":141,"column":11},"skip":true},"35":{"start":{"line":124,"column":12},"end":{"line":124,"column":54},"skip":true},"36":{"start":{"line":125,"column":12},"end":{"line":140,"column":14},"skip":true},"37":{"start":{"line":126,"column":16},"end":{"line":126,"column":28},"skip":true},"38":{"start":{"line":127,"column":16},"end":{"line":127,"column":69},"skip":true},"39":{"start":{"line":128,"column":16},"end":{"line":128,"column":75},"skip":true},"40":{"start":{"line":129,"column":16},"end":{"line":131,"column":17},"skip":true},"41":{"start":{"line":130,"column":20},"end":{"line":130,"column":27},"skip":true},"42":{"start":{"line":133,"column":16},"end":{"line":137,"column":36},"skip":true},"43":{"start":{"line":134,"column":20},"end":{"line":136,"column":55},"skip":true},"44":{"start":{"line":139,"column":16},"end":{"line":139,"column":57},"skip":true},"45":{"start":{"line":143,"column":8},"end":{"line":147,"column":11},"skip":true},"46":{"start":{"line":144,"column":12},"end":{"line":146,"column":15},"skip":true},"47":{"start":{"line":145,"column":16},"end":{"line":145,"column":70},"skip":true},"48":{"start":{"line":149,"column":8},"end":{"line":149,"column":31},"skip":true},"49":{"start":{"line":150,"column":8},"end":{"line":150,"column":14},"skip":true},"50":{"start":{"line":158,"column":8},"end":{"line":158,"column":31},"skip":true},"51":{"start":{"line":160,"column":8},"end":{"line":160,"column":33},"skip":true},"52":{"start":{"line":161,"column":8},"end":{"line":161,"column":37},"skip":true},"53":{"start":{"line":162,"column":8},"end":{"line":162,"column":35},"skip":true},"54":{"start":{"line":164,"column":8},"end":{"line":164,"column":50},"skip":true},"55":{"start":{"line":166,"column":8},"end":{"line":256,"column":2},"skip":true},"56":{"start":{"line":258,"column":8},"end":{"line":286,"column":9},"skip":true},"57":{"start":{"line":259,"column":12},"end":{"line":269,"column":14},"skip":true},"58":{"start":{"line":271,"column":12},"end":{"line":285,"column":19},"skip":true},"59":{"start":{"line":274,"column":20},"end":{"line":274,"column":35},"skip":true},"60":{"start":{"line":275,"column":20},"end":{"line":284,"column":21},"skip":true},"61":{"start":{"line":277,"column":24},"end":{"line":277,"column":64},"skip":true},"62":{"start":{"line":279,"column":24},"end":{"line":279,"column":40},"skip":true},"63":{"start":{"line":281,"column":24},"end":{"line":281,"column":40},"skip":true},"64":{"start":{"line":283,"column":24},"end":{"line":283,"column":39},"skip":true},"65":{"start":{"line":288,"column":8},"end":{"line":290,"column":9},"skip":true},"66":{"start":{"line":289,"column":12},"end":{"line":289,"column":18},"skip":true},"67":{"start":{"line":291,"column":8},"end":{"line":293,"column":54},"skip":true},"68":{"start":{"line":296,"column":8},"end":{"line":301,"column":37},"skip":true},"69":{"start":{"line":303,"column":8},"end":{"line":303,"column":82},"skip":true},"70":{"start":{"line":306,"column":8},"end":{"line":308,"column":9},"skip":true},"71":{"start":{"line":307,"column":12},"end":{"line":307,"column":82},"skip":true},"72":{"start":{"line":310,"column":8},"end":{"line":312,"column":9},"skip":true},"73":{"start":{"line":311,"column":12},"end":{"line":311,"column":18},"skip":true},"74":{"start":{"line":313,"column":8},"end":{"line":313,"column":54},"skip":true},"75":{"start":{"line":314,"column":8},"end":{"line":314,"column":69},"skip":true},"76":{"start":{"line":315,"column":8},"end":{"line":323,"column":36},"skip":true},"77":{"start":{"line":316,"column":12},"end":{"line":316,"column":61},"skip":true},"78":{"start":{"line":317,"column":12},"end":{"line":320,"column":13},"skip":true},"79":{"start":{"line":318,"column":16},"end":{"line":318,"column":75},"skip":true},"80":{"start":{"line":319,"column":16},"end":{"line":319,"column":23},"skip":true},"81":{"start":{"line":321,"column":12},"end":{"line":321,"column":38},"skip":true},"82":{"start":{"line":322,"column":12},"end":{"line":322,"column":27},"skip":true},"83":{"start":{"line":324,"column":8},"end":{"line":324,"column":14},"skip":true}},"branchMap":{"1":{"line":39,"type":"binary-expr","locations":[{"start":{"line":39,"column":23},"end":{"line":39,"column":62}},{"start":{"line":40,"column":20},"end":{"line":40,"column":70}},{"start":{"line":41,"column":20},"end":{"line":41,"column":71}},{"start":{"line":42,"column":20},"end":{"line":42,"column":29}}]},"2":{"line":44,"type":"binary-expr","locations":[{"start":{"line":44,"column":23},"end":{"line":44,"column":37}},{"start":{"line":45,"column":20},"end":{"line":45,"column":61}},{"start":{"line":46,"column":20},"end":{"line":46,"column":70}},{"start":{"line":47,"column":20},"end":{"line":47,"column":26}}]},"3":{"line":51,"type":"cond-expr","locations":[{"start":{"line":52,"column":14},"end":{"line":52,"column":20}},{"start":{"line":53,"column":14},"end":{"line":53,"column":20}}]},"4":{"line":55,"type":"binary-expr","locations":[{"start":{"line":55,"column":16},"end":{"line":55,"column":44}},{"start":{"line":55,"column":49},"end":{"line":57,"column":43}}]},"5":{"line":55,"type":"cond-expr","locations":[{"start":{"line":56,"column":14},"end":{"line":56,"column":57}},{"start":{"line":57,"column":14},"end":{"line":57,"column":43}}]},"6":{"line":61,"type":"switch","locations":[{"start":{"line":68,"column":4},"end":{"line":150,"column":14},"skip":true},{"start":{"line":156,"column":4},"end":{"line":324,"column":14},"skip":true}]},"7":{"line":70,"type":"if","locations":[{"start":{"line":70,"column":12},"end":{"line":70,"column":12},"skip":true},{"start":{"line":70,"column":12},"end":{"line":70,"column":12},"skip":true}]},"8":{"line":70,"type":"binary-expr","locations":[{"start":{"line":70,"column":16},"end":{"line":70,"column":22},"skip":true},{"start":{"line":70,"column":27},"end":{"line":70,"column":32},"skip":true},{"start":{"line":71,"column":20},"end":{"line":71,"column":39},"skip":true},{"start":{"line":72,"column":20},"end":{"line":72,"column":49},"skip":true},{"start":{"line":73,"column":20},"end":{"line":73,"column":58},"skip":true},{"start":{"line":74,"column":20},"end":{"line":74,"column":69},"skip":true}]},"9":{"line":79,"type":"switch","locations":[{"start":{"line":80,"column":20},"end":{"line":80,"column":33},"skip":true},{"start":{"line":81,"column":20},"end":{"line":83,"column":30},"skip":true},{"start":{"line":84,"column":20},"end":{"line":85,"column":49},"skip":true}]},"10":{"line":89,"type":"switch","locations":[{"start":{"line":90,"column":12},"end":{"line":103,"column":22},"skip":true},{"start":{"line":105,"column":12},"end":{"line":106,"column":22},"skip":true}]},"11":{"line":89,"type":"binary-expr","locations":[{"start":{"line":89,"column":20},"end":{"line":89,"column":25},"skip":true},{"start":{"line":89,"column":29},"end":{"line":89,"column":48},"skip":true},{"start":{"line":89,"column":52},"end":{"line":89,"column":74},"skip":true}]},"12":{"line":92,"type":"if","locations":[{"start":{"line":92,"column":16},"end":{"line":92,"column":16},"skip":true},{"start":{"line":92,"column":16},"end":{"line":92,"column":16},"skip":true}]},"13":{"line":108,"type":"if","locations":[{"start":{"line":108,"column":12},"end":{"line":108,"column":12},"skip":true},{"start":{"line":108,"column":12},"end":{"line":108,"column":12},"skip":true}]},"14":{"line":108,"type":"binary-expr","locations":[{"start":{"line":108,"column":16},"end":{"line":108,"column":61},"skip":true},{"start":{"line":108,"column":66},"end":{"line":108,"column":72},"skip":true},{"start":{"line":108,"column":77},"end":{"line":108,"column":82},"skip":true},{"start":{"line":109,"column":20},"end":{"line":109,"column":39},"skip":true},{"start":{"line":110,"column":20},"end":{"line":110,"column":49},"skip":true},{"start":{"line":111,"column":20},"end":{"line":111,"column":58},"skip":true},{"start":{"line":112,"column":20},"end":{"line":112,"column":68},"skip":true}]},"15":{"line":129,"type":"if","locations":[{"start":{"line":129,"column":16},"end":{"line":129,"column":16},"skip":true},{"start":{"line":129,"column":16},"end":{"line":129,"column":16},"skip":true}]},"16":{"line":134,"type":"cond-expr","locations":[{"start":{"line":135,"column":26},"end":{"line":135,"column":29},"skip":true},{"start":{"line":136,"column":26},"end":{"line":136,"column":54},"skip":true}]},"17":{"line":164,"type":"binary-expr","locations":[{"start":{"line":164,"column":27},"end":{"line":164,"column":43},"skip":true},{"start":{"line":164,"column":47},"end":{"line":164,"column":49},"skip":true}]},"18":{"line":258,"type":"if","locations":[{"start":{"line":258,"column":8},"end":{"line":258,"column":8},"skip":true},{"start":{"line":258,"column":8},"end":{"line":258,"column":8},"skip":true}]},"19":{"line":275,"type":"switch","locations":[{"start":{"line":276,"column":20},"end":{"line":277,"column":64},"skip":true},{"start":{"line":278,"column":20},"end":{"line":279,"column":40},"skip":true},{"start":{"line":280,"column":20},"end":{"line":281,"column":40},"skip":true},{"start":{"line":282,"column":20},"end":{"line":283,"column":39},"skip":true}]},"20":{"line":288,"type":"if","locations":[{"start":{"line":288,"column":8},"end":{"line":288,"column":8},"skip":true},{"start":{"line":288,"column":8},"end":{"line":288,"column":8},"skip":true}]},"21":{"line":288,"type":"binary-expr","locations":[{"start":{"line":288,"column":12},"end":{"line":288,"column":40},"skip":true},{"start":{"line":288,"column":44},"end":{"line":288,"column":67},"skip":true}]},"22":{"line":292,"type":"binary-expr","locations":[{"start":{"line":292,"column":12},"end":{"line":292,"column":50},"skip":true},{"start":{"line":293,"column":12},"end":{"line":293,"column":53},"skip":true}]},"23":{"line":297,"type":"binary-expr","locations":[{"start":{"line":297,"column":12},"end":{"line":297,"column":71},"skip":true},{"start":{"line":298,"column":12},"end":{"line":301,"column":36},"skip":true}]},"24":{"line":303,"type":"binary-expr","locations":[{"start":{"line":303,"column":43},"end":{"line":303,"column":75},"skip":true},{"start":{"line":303,"column":79},"end":{"line":303,"column":81},"skip":true}]},"25":{"line":306,"type":"if","locations":[{"start":{"line":306,"column":8},"end":{"line":306,"column":8},"skip":true},{"start":{"line":306,"column":8},"end":{"line":306,"column":8},"skip":true}]},"26":{"line":310,"type":"if","locations":[{"start":{"line":310,"column":8},"end":{"line":310,"column":8},"skip":true},{"start":{"line":310,"column":8},"end":{"line":310,"column":8},"skip":true}]},"27":{"line":313,"type":"binary-expr","locations":[{"start":{"line":313,"column":27},"end":{"line":313,"column":43},"skip":true},{"start":{"line":313,"column":47},"end":{"line":313,"column":53},"skip":true}]},"28":{"line":317,"type":"if","locations":[{"start":{"line":317,"column":12},"end":{"line":317,"column":12},"skip":true},{"start":{"line":317,"column":12},"end":{"line":317,"column":12},"skip":true}]}},"code":["/*","example.js","","quickstart example","","instruction","    1. save this script as example.js","    2. run the shell command:","        $ npm install npmtest-oauth2-server && PORT=8081 node example.js","    3. play with the browser-demo on http://127.0.0.1:8081","*/","","","","/* istanbul instrument in package npmtest_oauth2_server */","/*jslint","    bitwise: true,","    browser: true,","    maxerr: 8,","    maxlen: 96,","    node: true,","    nomen: true,","    regexp: true,","    stupid: true","*/","(function () {","    'use strict';","    var local;","","","","    // run shared js-env code - init-before","    (function () {","        // init local","        local = {};","        // init modeJs","        local.modeJs = (function () {","            try {","                return typeof navigator.userAgent === 'string' &&","                    typeof document.querySelector('body') === 'object' &&","                    typeof XMLHttpRequest.prototype.open === 'function' &&","                    'browser';","            } catch (errorCaughtBrowser) {","                return module.exports &&","                    typeof process.versions.node === 'string' &&","                    typeof require('http').createServer === 'function' &&","                    'node';","            }","        }());","        // init global","        local.global = local.modeJs === 'browser'","            ? window","            : global;","        // init utility2_rollup","        local = local.global.utility2_rollup || (local.modeJs === 'browser'","            ? local.global.utility2_npmtest_oauth2_server","            : global.utility2_moduleExports);","        // export local","        local.global.local = local;","    }());","    switch (local.modeJs) {","","","","    // init-after","    // run browser js-env code - init-after","    /* istanbul ignore next */","    case 'browser':","        local.testRunBrowser = function (event) {","            if (!event || (event &&","                    event.currentTarget &&","                    event.currentTarget.className &&","                    event.currentTarget.className.includes &&","                    event.currentTarget.className.includes('onreset'))) {","                // reset output","                Array.from(","                    document.querySelectorAll('body > .resettable')","                ).forEach(function (element) {","                    switch (element.tagName) {","                    case 'INPUT':","                    case 'TEXTAREA':","                        element.value = '';","                        break;","                    default:","                        element.textContent = '';","                    }","                });","            }","            switch (event && event.currentTarget && event.currentTarget.id) {","            case 'testRunButton1':","                // show tests","                if (document.querySelector('#testReportDiv1').style.display === 'none') {","                    document.querySelector('#testReportDiv1').style.display = 'block';","                    document.querySelector('#testRunButton1').textContent =","                        'hide internal test';","                    local.modeTest = true;","                    local.testRunDefault(local);","                // hide tests","                } else {","                    document.querySelector('#testReportDiv1').style.display = 'none';","                    document.querySelector('#testRunButton1').textContent = 'run internal test';","                }","                break;","            // custom-case","            default:","                break;","            }","            if (document.querySelector('#inputTextareaEval1') && (!event || (event &&","                    event.currentTarget &&","                    event.currentTarget.className &&","                    event.currentTarget.className.includes &&","                    event.currentTarget.className.includes('oneval')))) {","                // try to eval input-code","                try {","                    /*jslint evil: true*/","                    eval(document.querySelector('#inputTextareaEval1').value);","                } catch (errorCaught) {","                    console.error(errorCaught);","                }","            }","        };","        // log stderr and stdout to #outputTextareaStdout1","        ['error', 'log'].forEach(function (key) {","            console[key + '_original'] = console[key];","            console[key] = function () {","                var element;","                console[key + '_original'].apply(console, arguments);","                element = document.querySelector('#outputTextareaStdout1');","                if (!element) {","                    return;","                }","                // append text to #outputTextareaStdout1","                element.value += Array.from(arguments).map(function (arg) {","                    return typeof arg === 'string'","                        ? arg","                        : JSON.stringify(arg, null, 4);","                }).join(' ') + '\\n';","                // scroll textarea to bottom","                element.scrollTop = element.scrollHeight;","            };","        });","        // init event-handling","        ['change', 'click', 'keyup'].forEach(function (event) {","            Array.from(document.querySelectorAll('.on' + event)).forEach(function (element) {","                element.addEventListener(event, local.testRunBrowser);","            });","        });","        // run tests","        local.testRunBrowser();","        break;","","","","    // run node js-env code - init-after","    /* istanbul ignore next */","    case 'node':","        // export local","        module.exports = local;","        // require modules","        local.fs = require('fs');","        local.http = require('http');","        local.url = require('url');","        // init assets","        local.assetsDict = local.assetsDict || {};","        /* jslint-ignore-begin */","        local.assetsDict['/assets.index.template.html'] = '\\","<!doctype html>\\n\\","<html lang=\"en\">\\n\\","<head>\\n\\","<meta charset=\"UTF-8\">\\n\\","<meta name=\"viewport\" content=\"width=device-width, initial-scale=1\">\\n\\","<title>{{env.npm_package_name}} (v{{env.npm_package_version}})</title>\\n\\","<style>\\n\\","/*csslint\\n\\","    box-sizing: false,\\n\\","    universal-selector: false\\n\\","*/\\n\\","* {\\n\\","    box-sizing: border-box;\\n\\","}\\n\\","body {\\n\\","    background: #dde;\\n\\","    font-family: Arial, Helvetica, sans-serif;\\n\\","    margin: 2rem;\\n\\","}\\n\\","body > * {\\n\\","    margin-bottom: 1rem;\\n\\","}\\n\\",".utility2FooterDiv {\\n\\","    margin-top: 20px;\\n\\","    text-align: center;\\n\\","}\\n\\","</style>\\n\\","<style>\\n\\","/*csslint\\n\\","*/\\n\\","textarea {\\n\\","    font-family: monospace;\\n\\","    height: 10rem;\\n\\","    width: 100%;\\n\\","}\\n\\","textarea[readonly] {\\n\\","    background: #ddd;\\n\\","}\\n\\","</style>\\n\\","</head>\\n\\","<body>\\n\\","<!-- utility2-comment\\n\\","<div id=\"ajaxProgressDiv1\" style=\"background: #d00; height: 2px; left: 0; margin: 0; padding: 0; position: fixed; top: 0; transition: background 0.5s, width 1.5s; width: 25%;\"></div>\\n\\","utility2-comment -->\\n\\","<h1>\\n\\","<!-- utility2-comment\\n\\","    <a\\n\\","        {{#if env.npm_package_homepage}}\\n\\","        href=\"{{env.npm_package_homepage}}\"\\n\\","        {{/if env.npm_package_homepage}}\\n\\","        target=\"_blank\"\\n\\","    >\\n\\","utility2-comment -->\\n\\","        {{env.npm_package_name}} (v{{env.npm_package_version}})\\n\\","<!-- utility2-comment\\n\\","    </a>\\n\\","utility2-comment -->\\n\\","</h1>\\n\\","<h3>{{env.npm_package_description}}</h3>\\n\\","<!-- utility2-comment\\n\\","<h4><a download href=\"assets.app.js\">download standalone app</a></h4>\\n\\","<button class=\"onclick onreset\" id=\"testRunButton1\">run internal test</button><br>\\n\\","<div id=\"testReportDiv1\" style=\"display: none;\"></div>\\n\\","utility2-comment -->\\n\\","\\n\\","\\n\\","\\n\\","<label>stderr and stdout</label>\\n\\","<textarea class=\"resettable\" id=\"outputTextareaStdout1\" readonly></textarea>\\n\\","<!-- utility2-comment\\n\\","{{#if isRollup}}\\n\\","<script src=\"assets.app.js\"></script>\\n\\","{{#unless isRollup}}\\n\\","utility2-comment -->\\n\\","<script src=\"assets.utility2.rollup.js\"></script>\\n\\","<script src=\"jsonp.utility2._stateInit?callback=window.utility2._stateInit\"></script>\\n\\","<script src=\"assets.npmtest_oauth2_server.rollup.js\"></script>\\n\\","<script src=\"assets.example.js\"></script>\\n\\","<script src=\"assets.test.js\"></script>\\n\\","<!-- utility2-comment\\n\\","{{/if isRollup}}\\n\\","utility2-comment -->\\n\\","<div class=\"utility2FooterDiv\">\\n\\","    [ this app was created with\\n\\","    <a href=\"https://github.com/kaizhu256/node-utility2\" target=\"_blank\">utility2</a>\\n\\","    ]\\n\\","</div>\\n\\","</body>\\n\\","</html>\\n\\","';","        /* jslint-ignore-end */","        if (local.templateRender) {","            local.assetsDict['/'] = local.templateRender(","                local.assetsDict['/assets.index.template.html'],","                {","                    env: local.objectSetDefault(local.env, {","                        npm_package_description: 'the greatest app in the world!',","                        npm_package_name: 'my-app',","                        npm_package_nameAlias: 'my_app',","                        npm_package_version: '0.0.1'","                    })","                }","            );","        } else {","            local.assetsDict['/'] = local.assetsDict['/assets.index.template.html']","                .replace((/\\{\\{env\\.(\\w+?)\\}\\}/g), function (match0, match1) {","                    // jslint-hack","                    String(match0);","                    switch (match1) {","                    case 'npm_package_description':","                        return 'the greatest app in the world!';","                    case 'npm_package_name':","                        return 'my-app';","                    case 'npm_package_nameAlias':","                        return 'my_app';","                    case 'npm_package_version':","                        return '0.0.1';","                    }","                });","        }","        // run the cli","        if (local.global.utility2_rollup || module !== require.main) {","            break;","        }","        local.assetsDict['/assets.example.js'] =","            local.assetsDict['/assets.example.js'] ||","            local.fs.readFileSync(__filename, 'utf8');","        // bug-workaround - long $npm_package_buildCustomOrg","        /* jslint-ignore-begin */","        local.assetsDict['/assets.npmtest_oauth2_server.rollup.js'] =","            local.assetsDict['/assets.npmtest_oauth2_server.rollup.js'] ||","            local.fs.readFileSync(","                local.npmtest_oauth2_server.__dirname + '/lib.npmtest_oauth2_server.js',","                'utf8'","            ).replace((/^#!/), '//');","        /* jslint-ignore-end */","        local.assetsDict['/favicon.ico'] = local.assetsDict['/favicon.ico'] || '';","        // if $npm_config_timeout_exit exists,","        // then exit this process after $npm_config_timeout_exit ms","        if (Number(process.env.npm_config_timeout_exit)) {","            setTimeout(process.exit, Number(process.env.npm_config_timeout_exit));","        }","        // start server","        if (local.global.utility2_serverHttp1) {","            break;","        }","        process.env.PORT = process.env.PORT || '8081';","        console.error('server starting on port ' + process.env.PORT);","        local.http.createServer(function (request, response) {","            request.urlParsed = local.url.parse(request.url);","            if (local.assetsDict[request.urlParsed.pathname] !== undefined) {","                response.end(local.assetsDict[request.urlParsed.pathname]);","                return;","            }","            response.statusCode = 404;","            response.end();","        }).listen(process.env.PORT);","        break;","    }","}());",""],"l":{"26":2,"28":2,"33":2,"35":2,"37":2,"38":2,"39":2,"44":1,"51":2,"55":2,"59":2,"61":2,"69":1,"70":2,"76":2,"79":2,"82":2,"83":2,"85":1,"89":2,"92":1,"93":1,"94":1,"96":1,"97":1,"100":1,"101":1,"103":1,"106":1,"108":2,"114":1,"116":1,"118":1,"123":1,"124":2,"125":2,"126":3,"127":3,"128":3,"129":3,"130":1,"133":3,"134":3,"139":3,"143":1,"144":3,"145":1,"149":1,"150":1,"158":1,"160":1,"161":1,"162":1,"164":1,"166":1,"258":1,"259":1,"271":1,"274":6,"275":6,"277":1,"279":2,"281":1,"283":2,"288":1,"289":1,"291":1,"296":1,"303":1,"306":1,"307":1,"310":1,"311":1,"313":1,"314":1,"315":1,"316":1,"317":1,"318":1,"319":1,"321":1,"322":1,"324":1}},"/home/travis/build/npmtest/node-npmtest-oauth2-server/node_modules/oauth2-server/lib/oauth2server.js":{"path":"/home/travis/build/npmtest/node-npmtest-oauth2-server/node_modules/oauth2-server/lib/oauth2server.js","s":{"1":1,"2":1,"3":1,"4":0,"5":0,"6":0,"7":0,"8":0,"9":0,"10":0,"11":0,"12":0,"13":0,"14":0,"15":0,"16":0,"17":0,"18":0,"19":0,"20":1,"21":0,"22":0,"23":0,"24":1,"25":0,"26":0,"27":0,"28":1,"29":0,"30":0,"31":0,"32":1,"33":0,"34":0,"35":0,"36":0,"37":0,"38":0,"39":0,"40":0,"41":0,"42":0,"43":0,"44":0,"45":1,"46":0,"47":0,"48":0,"49":0,"50":0,"51":0,"52":0,"53":0,"54":0,"55":0,"56":0,"57":0,"58":0,"59":0,"60":0,"61":0,"62":0,"63":0,"64":0,"65":0,"66":0,"67":0,"68":0,"69":0,"70":0,"71":0,"72":0,"73":0,"74":0,"75":0,"76":0,"77":0,"78":0,"79":0,"80":1},"b":{"1":[0,0],"2":[0,0],"3":[0,0],"4":[0,0],"5":[0,0],"6":[0,0],"7":[0,0],"8":[0,0],"9":[0,0],"10":[0,0],"11":[0,0],"12":[0,0],"13":[0,0],"14":[0,0],"15":[0,0],"16":[0,0],"17":[0,0],"18":[0,0],"19":[0,0],"20":[0,0]},"f":{"1":0,"2":0,"3":0,"4":0,"5":0,"6":0,"7":0,"8":0,"9":0,"10":0,"11":0,"12":0,"13":0,"14":0,"15":0,"16":0},"fnMap":{"1":{"name":"OAuth2Server","line":29,"loc":{"start":{"line":29,"column":0},"end":{"line":29,"column":31}}},"2":{"name":"(anonymous_2)","line":39,"loc":{"start":{"line":39,"column":31},"end":{"line":39,"column":43}}},"3":{"name":"(anonymous_3)","line":66,"loc":{"start":{"line":66,"column":35},"end":{"line":66,"column":47}}},"4":{"name":"(anonymous_4)","line":69,"loc":{"start":{"line":69,"column":9},"end":{"line":69,"column":35}}},"5":{"name":"(anonymous_5)","line":84,"loc":{"start":{"line":84,"column":31},"end":{"line":84,"column":43}}},"6":{"name":"(anonymous_6)","line":87,"loc":{"start":{"line":87,"column":9},"end":{"line":87,"column":35}}},"7":{"name":"(anonymous_7)","line":99,"loc":{"start":{"line":99,"column":39},"end":{"line":99,"column":56}}},"8":{"name":"(anonymous_8)","line":102,"loc":{"start":{"line":102,"column":9},"end":{"line":102,"column":35}}},"9":{"name":"(anonymous_9)","line":115,"loc":{"start":{"line":115,"column":38},"end":{"line":115,"column":50}}},"10":{"name":"(anonymous_10)","line":118,"loc":{"start":{"line":118,"column":9},"end":{"line":118,"column":40}}},"11":{"name":"(anonymous_11)","line":162,"loc":{"start":{"line":162,"column":34},"end":{"line":162,"column":49}}},"12":{"name":"(anonymous_12)","line":165,"loc":{"start":{"line":165,"column":25},"end":{"line":165,"column":42}}},"13":{"name":"(anonymous_13)","line":182,"loc":{"start":{"line":182,"column":25},"end":{"line":182,"column":42}}},"14":{"name":"(anonymous_14)","line":187,"loc":{"start":{"line":187,"column":29},"end":{"line":187,"column":45}}},"15":{"name":"(anonymous_15)","line":216,"loc":{"start":{"line":216,"column":33},"end":{"line":216,"column":50}}},"16":{"name":"(anonymous_16)","line":232,"loc":{"start":{"line":232,"column":32},"end":{"line":232,"column":44}}}},"statementMap":{"1":{"start":{"line":17,"column":0},"end":{"line":20,"column":29}},"2":{"start":{"line":22,"column":0},"end":{"line":22,"column":30}},"3":{"start":{"line":29,"column":0},"end":{"line":56,"column":1}},"4":{"start":{"line":31,"column":2},"end":{"line":31,"column":71}},"5":{"start":{"line":31,"column":39},"end":{"line":31,"column":71}},"6":{"start":{"line":33,"column":2},"end":{"line":33,"column":24}},"7":{"start":{"line":35,"column":2},"end":{"line":35,"column":74}},"8":{"start":{"line":35,"column":21},"end":{"line":35,"column":74}},"9":{"start":{"line":36,"column":2},"end":{"line":36,"column":28}},"10":{"start":{"line":38,"column":2},"end":{"line":38,"column":36}},"11":{"start":{"line":39,"column":2},"end":{"line":39,"column":46}},"12":{"start":{"line":40,"column":2},"end":{"line":42,"column":3}},"13":{"start":{"line":41,"column":6},"end":{"line":41,"column":31}},"14":{"start":{"line":43,"column":2},"end":{"line":43,"column":52}},"15":{"start":{"line":44,"column":2},"end":{"line":44,"column":60}},"16":{"start":{"line":46,"column":2},"end":{"line":47,"column":38}},"17":{"start":{"line":48,"column":2},"end":{"line":49,"column":42}},"18":{"start":{"line":50,"column":2},"end":{"line":50,"column":56}},"19":{"start":{"line":52,"column":2},"end":{"line":55,"column":4}},"20":{"start":{"line":66,"column":0},"end":{"line":72,"column":2}},"21":{"start":{"line":67,"column":2},"end":{"line":67,"column":18}},"22":{"start":{"line":69,"column":2},"end":{"line":71,"column":4}},"23":{"start":{"line":70,"column":4},"end":{"line":70,"column":42}},"24":{"start":{"line":84,"column":0},"end":{"line":90,"column":2}},"25":{"start":{"line":85,"column":2},"end":{"line":85,"column":18}},"26":{"start":{"line":87,"column":2},"end":{"line":89,"column":4}},"27":{"start":{"line":88,"column":4},"end":{"line":88,"column":36}},"28":{"start":{"line":99,"column":0},"end":{"line":105,"column":2}},"29":{"start":{"line":100,"column":2},"end":{"line":100,"column":18}},"30":{"start":{"line":102,"column":2},"end":{"line":104,"column":4}},"31":{"start":{"line":103,"column":4},"end":{"line":103,"column":51}},"32":{"start":{"line":115,"column":0},"end":{"line":132,"column":2}},"33":{"start":{"line":116,"column":2},"end":{"line":116,"column":18}},"34":{"start":{"line":118,"column":2},"end":{"line":131,"column":4}},"35":{"start":{"line":119,"column":4},"end":{"line":119,"column":76}},"36":{"start":{"line":119,"column":59},"end":{"line":119,"column":76}},"37":{"start":{"line":121,"column":4},"end":{"line":121,"column":20}},"38":{"start":{"line":122,"column":4},"end":{"line":122,"column":23}},"39":{"start":{"line":124,"column":4},"end":{"line":124,"column":33}},"40":{"start":{"line":125,"column":4},"end":{"line":125,"column":21}},"41":{"start":{"line":127,"column":4},"end":{"line":127,"column":42}},"42":{"start":{"line":127,"column":21},"end":{"line":127,"column":42}},"43":{"start":{"line":128,"column":4},"end":{"line":128,"column":23}},"44":{"start":{"line":130,"column":4},"end":{"line":130,"column":35}},"45":{"start":{"line":162,"column":0},"end":{"line":223,"column":2}},"46":{"start":{"line":163,"column":2},"end":{"line":163,"column":18}},"47":{"start":{"line":165,"column":2},"end":{"line":180,"column":4}},"48":{"start":{"line":167,"column":4},"end":{"line":167,"column":40}},"49":{"start":{"line":168,"column":4},"end":{"line":171,"column":5}},"50":{"start":{"line":169,"column":6},"end":{"line":169,"column":32}},"51":{"start":{"line":170,"column":6},"end":{"line":170,"column":13}},"52":{"start":{"line":174,"column":4},"end":{"line":174,"column":37}},"53":{"start":{"line":175,"column":4},"end":{"line":179,"column":5}},"54":{"start":{"line":176,"column":6},"end":{"line":176,"column":38}},"55":{"start":{"line":178,"column":6},"end":{"line":178,"column":27}},"56":{"start":{"line":182,"column":2},"end":{"line":212,"column":4}},"57":{"start":{"line":183,"column":4},"end":{"line":184,"column":13}},"58":{"start":{"line":184,"column":6},"end":{"line":184,"column":13}},"59":{"start":{"line":186,"column":4},"end":{"line":186,"column":34}},"60":{"start":{"line":187,"column":4},"end":{"line":189,"column":7}},"61":{"start":{"line":188,"column":6},"end":{"line":188,"column":25}},"62":{"start":{"line":192,"column":4},"end":{"line":192,"column":43}},"63":{"start":{"line":193,"column":4},"end":{"line":196,"column":5}},"64":{"start":{"line":194,"column":6},"end":{"line":194,"column":39}},"65":{"start":{"line":195,"column":6},"end":{"line":195,"column":13}},"66":{"start":{"line":199,"column":4},"end":{"line":199,"column":40}},"67":{"start":{"line":200,"column":4},"end":{"line":211,"column":5}},"68":{"start":{"line":202,"column":6},"end":{"line":202,"column":20}},"69":{"start":{"line":203,"column":6},"end":{"line":203,"column":27}},"70":{"start":{"line":204,"column":6},"end":{"line":206,"column":7}},"71":{"start":{"line":205,"column":8},"end":{"line":205,"column":31}},"72":{"start":{"line":207,"column":6},"end":{"line":207,"column":37}},"73":{"start":{"line":208,"column":6},"end":{"line":208,"column":26}},"74":{"start":{"line":210,"column":6},"end":{"line":210,"column":27}},"75":{"start":{"line":214,"column":2},"end":{"line":222,"column":3}},"76":{"start":{"line":215,"column":4},"end":{"line":219,"column":5}},"77":{"start":{"line":216,"column":6},"end":{"line":218,"column":9}},"78":{"start":{"line":217,"column":8},"end":{"line":217,"column":42}},"79":{"start":{"line":221,"column":4},"end":{"line":221,"column":48}},"80":{"start":{"line":232,"column":0},"end":{"line":232,"column":47}}},"branchMap":{"1":{"line":31,"type":"if","locations":[{"start":{"line":31,"column":2},"end":{"line":31,"column":2}},{"start":{"line":31,"column":2},"end":{"line":31,"column":2}}]},"2":{"line":33,"type":"binary-expr","locations":[{"start":{"line":33,"column":11},"end":{"line":33,"column":17}},{"start":{"line":33,"column":21},"end":{"line":33,"column":23}}]},"3":{"line":35,"type":"if","locations":[{"start":{"line":35,"column":2},"end":{"line":35,"column":2}},{"start":{"line":35,"column":2},"end":{"line":35,"column":2}}]},"4":{"line":38,"type":"binary-expr","locations":[{"start":{"line":38,"column":16},"end":{"line":38,"column":29}},{"start":{"line":38,"column":33},"end":{"line":38,"column":35}}]},"5":{"line":39,"type":"binary-expr","locations":[{"start":{"line":39,"column":15},"end":{"line":39,"column":27}},{"start":{"line":39,"column":31},"end":{"line":39,"column":45}}]},"6":{"line":40,"type":"if","locations":[{"start":{"line":40,"column":2},"end":{"line":40,"column":2}},{"start":{"line":40,"column":2},"end":{"line":40,"column":2}}]},"7":{"line":46,"type":"cond-expr","locations":[{"start":{"line":47,"column":4},"end":{"line":47,"column":30}},{"start":{"line":47,"column":33},"end":{"line":47,"column":37}}]},"8":{"line":48,"type":"cond-expr","locations":[{"start":{"line":49,"column":4},"end":{"line":49,"column":31}},{"start":{"line":49,"column":34},"end":{"line":49,"column":41}}]},"9":{"line":50,"type":"binary-expr","locations":[{"start":{"line":50,"column":26},"end":{"line":50,"column":49}},{"start":{"line":50,"column":53},"end":{"line":50,"column":55}}]},"10":{"line":53,"type":"binary-expr","locations":[{"start":{"line":53,"column":14},"end":{"line":53,"column":34}},{"start":{"line":53,"column":38},"end":{"line":53,"column":59}}]},"11":{"line":119,"type":"if","locations":[{"start":{"line":119,"column":4},"end":{"line":119,"column":4}},{"start":{"line":119,"column":4},"end":{"line":119,"column":4}}]},"12":{"line":119,"type":"binary-expr","locations":[{"start":{"line":119,"column":8},"end":{"line":119,"column":31}},{"start":{"line":119,"column":35},"end":{"line":119,"column":57}}]},"13":{"line":124,"type":"binary-expr","locations":[{"start":{"line":124,"column":15},"end":{"line":124,"column":24}},{"start":{"line":124,"column":28},"end":{"line":124,"column":31}}]},"14":{"line":127,"type":"if","locations":[{"start":{"line":127,"column":4},"end":{"line":127,"column":4}},{"start":{"line":127,"column":4},"end":{"line":127,"column":4}}]},"15":{"line":168,"type":"if","locations":[{"start":{"line":168,"column":4},"end":{"line":168,"column":4}},{"start":{"line":168,"column":4},"end":{"line":168,"column":4}}]},"16":{"line":175,"type":"if","locations":[{"start":{"line":175,"column":4},"end":{"line":175,"column":4}},{"start":{"line":175,"column":4},"end":{"line":175,"column":4}}]},"17":{"line":183,"type":"if","locations":[{"start":{"line":183,"column":4},"end":{"line":183,"column":4}},{"start":{"line":183,"column":4},"end":{"line":183,"column":4}}]},"18":{"line":193,"type":"if","locations":[{"start":{"line":193,"column":4},"end":{"line":193,"column":4}},{"start":{"line":193,"column":4},"end":{"line":193,"column":4}}]},"19":{"line":200,"type":"if","locations":[{"start":{"line":200,"column":4},"end":{"line":200,"column":4}},{"start":{"line":200,"column":4},"end":{"line":200,"column":4}}]},"20":{"line":214,"type":"if","locations":[{"start":{"line":214,"column":2},"end":{"line":214,"column":2}},{"start":{"line":214,"column":2},"end":{"line":214,"column":2}}]}},"code":["/**"," * Copyright 2013-present NightWorld."," *"," * Licensed under the Apache License, Version 2.0 (the \"License\");"," * you may not use this file except in compliance with the License."," * You may obtain a copy of the License at"," *"," *    http://www.apache.org/licenses/LICENSE-2.0"," *"," * Unless required by applicable law or agreed to in writing, software"," * distributed under the License is distributed on an \"AS IS\" BASIS,"," * WITHOUT WARRANTIES OR CONDITIONS OF ANY KIND, either express or implied."," * See the License for the specific language governing permissions and"," * limitations under the License."," */","","var error = require('./error'),","  AuthCodeGrant = require('./authCodeGrant'),","  Authorise = require('./authorise'),","  Grant = require('./grant');","","module.exports = OAuth2Server;","","/**"," * Constructor"," *"," * @param {Object} config Configuration object"," */","function OAuth2Server (config) {","","  if (!(this instanceof OAuth2Server)) return new OAuth2Server(config);","","  config = config || {};","","  if (!config.model) throw new Error('No model supplied to OAuth2Server');","  this.model = config.model;","","  this.grants = config.grants || [];","  this.debug = config.debug || function () {};","  if (typeof this.debug !== 'function') {","      this.debug = console.log;","  }","  this.passthroughErrors = config.passthroughErrors;","  this.continueAfterResponse = config.continueAfterResponse;","","  this.accessTokenLifetime = config.accessTokenLifetime !== undefined ?","    config.accessTokenLifetime : 3600;","  this.refreshTokenLifetime = config.refreshTokenLifetime !== undefined ?","    config.refreshTokenLifetime : 1209600;","  this.authCodeLifetime = config.authCodeLifetime || 30;","","  this.regex = {","    clientId: config.clientIdRegex || /^[a-z0-9-_]{3,40}$/i,","    grantType: new RegExp('^(' + this.grants.join('|') + ')$', 'i')","  };","}","","/**"," * Authorisation Middleware"," *"," * Returns middleware that will authorise the request using oauth,"," * if successful it will allow the request to proceed to the next handler"," *"," * @return {Function} middleware"," */","OAuth2Server.prototype.authorise = function () {","  var self = this;","","  return function (req, res, next) {","    return new Authorise(self, req, next);","  };","};","","/**"," * Grant Middleware"," *"," * Returns middleware that will grant tokens to valid requests."," * This would normally be mounted at '/oauth/token' e.g."," *"," * `app.all('/oauth/token', oauth.grant());`"," *"," * @return {Function} middleware"," */","OAuth2Server.prototype.grant = function () {","  var self = this;","","  return function (req, res, next) {","    new Grant(self, req, res, next);","  };","};","","/**"," * Code Auth Grant Middleware"," *"," * @param  {Function} check Function will be called with req to check if the"," *                          user has authorised the request."," * @return {Function}       middleware"," */","OAuth2Server.prototype.authCodeGrant = function (check) {","  var self = this;","","  return function (req, res, next) {","    new AuthCodeGrant(self, req, res, next, check);","  };","};","","/**"," * OAuth Error Middleware"," *"," * Returns middleware that will catch OAuth errors and ensure an OAuth"," * complaint response"," *"," * @return {Function} middleware"," */","OAuth2Server.prototype.errorHandler = function () {","  var self = this;","","  return function (err, req, res, next) {","    if (!(err instanceof error) || self.passthroughErrors) return next(err);","","    delete err.name;","    delete err.message;","","    self.debug(err.stack || err);","    delete err.stack;","","    if (err.headers) res.set(err.headers);","    delete err.headers;","","    res.status(err.code).send(err);","  };","};","","/**"," * Lockdown"," *"," * When using the lockdown patter, this function should be called after"," * all routes have been declared."," * It will search through each route and if it has not been explitly bypassed"," * (by passing oauth.bypass) then authorise will be inserted."," * If oauth.grant has been passed it will replace it with the proper grant"," * middleware"," * NOTE: When using this method, you must PASS the method not CALL the method,"," * e.g.:"," *"," * `"," * app.all('/oauth/token', app.oauth.grant);"," *"," * app.get('/secrets', function (req, res) {"," *   res.send('secrets');"," * });"," *"," * app.get('/public', app.oauth.bypass, function (req, res) {"," *   res.send('publci');"," * });"," *"," * app.oauth.lockdown(app);"," * `"," *"," * @param  {Object} app Express app"," */","OAuth2Server.prototype.lockdown = function (app) {","  var self = this;","","  var lockdownExpress3 = function (stack) {","    // Check if it's a grant route","    var pos = stack.indexOf(self.grant);","    if (pos !== -1) {","      stack[pos] = self.grant();","      return;","    }","","    // Check it's not been explitly bypassed","    pos = stack.indexOf(self.bypass);","    if (pos === -1) {","      stack.unshift(self.authorise());","    } else {","      stack.splice(pos, 1);","    }","  };","","  var lockdownExpress4 = function (layer) {","    if (!layer.route)","      return;","","    var stack = layer.route.stack;","    var handlers = stack.map(function (item) {","      return item.handle;","    });","","    // Check if it's a grant route","    var pos = handlers.indexOf(self.grant);","    if (pos !== -1) {","      stack[pos].handle = self.grant();","      return;","    }","","    // Check it's not been explitly bypassed","    pos = handlers.indexOf(self.bypass);","    if (pos === -1) {","      // Add authorise another route (could do it properly with express.route?)","      var copy = {};","      var first = stack[0];","      for (var key in first) {","        copy[key] = first[key];","      }","      copy.handle = self.authorise();","      stack.unshift(copy);","    } else {","      stack.splice(pos, 1);","    }","  };","","  if (app.routes) {","    for (var method in app.routes) {","      app.routes[method].forEach(function (route) {","        lockdownExpress3(route.callbacks);","      });","    }","  } else {","    app._router.stack.forEach(lockdownExpress4);","  }","};","","/**"," * Bypass"," *"," * This is used as placeholder for when using the lockdown pattern"," *"," * @return {Function} noop"," */","OAuth2Server.prototype.bypass = function () {};",""],"l":{"17":1,"22":1,"29":1,"31":0,"33":0,"35":0,"36":0,"38":0,"39":0,"40":0,"41":0,"43":0,"44":0,"46":0,"48":0,"50":0,"52":0,"66":1,"67":0,"69":0,"70":0,"84":1,"85":0,"87":0,"88":0,"99":1,"100":0,"102":0,"103":0,"115":1,"116":0,"118":0,"119":0,"121":0,"122":0,"124":0,"125":0,"127":0,"128":0,"130":0,"162":1,"163":0,"165":0,"167":0,"168":0,"169":0,"170":0,"174":0,"175":0,"176":0,"178":0,"182":0,"183":0,"184":0,"186":0,"187":0,"188":0,"192":0,"193":0,"194":0,"195":0,"199":0,"200":0,"202":0,"203":0,"204":0,"205":0,"207":0,"208":0,"210":0,"214":0,"215":0,"216":0,"217":0,"221":0,"232":1}},"/home/travis/build/npmtest/node-npmtest-oauth2-server/node_modules/oauth2-server/lib/error.js":{"path":"/home/travis/build/npmtest/node-npmtest-oauth2-server/node_modules/oauth2-server/lib/error.js","s":{"1":1,"2":1,"3":1,"4":0,"5":0,"6":0,"7":0,"8":0,"9":0,"10":0,"11":0,"12":0,"13":0,"14":0,"15":0,"16":0,"17":0,"18":0,"19":0,"20":0,"21":0,"22":0,"23":0,"24":0,"25":1},"b":{"1":[0,0],"2":[0,0],"3":[0,0,0,0,0,0],"4":[0,0]},"f":{"1":0},"fnMap":{"1":{"name":"OAuth2Error","line":28,"loc":{"start":{"line":28,"column":0},"end":{"line":28,"column":47}}}},"statementMap":{"1":{"start":{"line":17,"column":0},"end":{"line":17,"column":27}},"2":{"start":{"line":19,"column":0},"end":{"line":19,"column":29}},"3":{"start":{"line":28,"column":0},"end":{"line":68,"column":1}},"4":{"start":{"line":29,"column":2},"end":{"line":30,"column":52}},"5":{"start":{"line":30,"column":4},"end":{"line":30,"column":52}},"6":{"start":{"line":32,"column":2},"end":{"line":32,"column":19}},"7":{"start":{"line":34,"column":2},"end":{"line":34,"column":36}},"8":{"start":{"line":35,"column":2},"end":{"line":41,"column":3}},"9":{"start":{"line":36,"column":4},"end":{"line":36,"column":31}},"10":{"start":{"line":37,"column":4},"end":{"line":37,"column":27}},"11":{"start":{"line":39,"column":4},"end":{"line":39,"column":31}},"12":{"start":{"line":40,"column":4},"end":{"line":40,"column":52}},"13":{"start":{"line":43,"column":2},"end":{"line":46,"column":4}},"14":{"start":{"line":48,"column":2},"end":{"line":64,"column":3}},"15":{"start":{"line":50,"column":6},"end":{"line":50,"column":65}},"16":{"start":{"line":54,"column":6},"end":{"line":54,"column":22}},"17":{"start":{"line":55,"column":6},"end":{"line":55,"column":12}},"18":{"start":{"line":57,"column":6},"end":{"line":57,"column":22}},"19":{"start":{"line":58,"column":6},"end":{"line":58,"column":12}},"20":{"start":{"line":60,"column":6},"end":{"line":60,"column":22}},"21":{"start":{"line":61,"column":6},"end":{"line":61,"column":12}},"22":{"start":{"line":63,"column":6},"end":{"line":63,"column":22}},"23":{"start":{"line":66,"column":2},"end":{"line":66,"column":21}},"24":{"start":{"line":67,"column":2},"end":{"line":67,"column":48}},"25":{"start":{"line":70,"column":0},"end":{"line":70,"column":34}}},"branchMap":{"1":{"line":29,"type":"if","locations":[{"start":{"line":29,"column":2},"end":{"line":29,"column":2}},{"start":{"line":29,"column":2},"end":{"line":29,"column":2}}]},"2":{"line":35,"type":"if","locations":[{"start":{"line":35,"column":2},"end":{"line":35,"column":2}},{"start":{"line":35,"column":2},"end":{"line":35,"column":2}}]},"3":{"line":48,"type":"switch","locations":[{"start":{"line":49,"column":4},"end":{"line":50,"column":65}},{"start":{"line":52,"column":4},"end":{"line":52,"column":25}},{"start":{"line":53,"column":4},"end":{"line":55,"column":12}},{"start":{"line":56,"column":4},"end":{"line":58,"column":12}},{"start":{"line":59,"column":4},"end":{"line":61,"column":12}},{"start":{"line":62,"column":4},"end":{"line":63,"column":22}}]},"4":{"line":67,"type":"binary-expr","locations":[{"start":{"line":67,"column":27},"end":{"line":67,"column":38}},{"start":{"line":67,"column":42},"end":{"line":67,"column":47}}]}},"code":["/**"," * Copyright 2013-present NightWorld."," *"," * Licensed under the Apache License, Version 2.0 (the \"License\");"," * you may not use this file except in compliance with the License."," * You may obtain a copy of the License at"," *"," *    http://www.apache.org/licenses/LICENSE-2.0"," *"," * Unless required by applicable law or agreed to in writing, software"," * distributed under the License is distributed on an \"AS IS\" BASIS,"," * WITHOUT WARRANTIES OR CONDITIONS OF ANY KIND, either express or implied."," * See the License for the specific language governing permissions and"," * limitations under the License."," */","","var util = require('util');","","module.exports = OAuth2Error;","","/**"," * Error"," *"," * @param {Number} code        Numeric error code"," * @param {String} error       Error descripton"," * @param {String} description Full error description"," */","function OAuth2Error (error, description, err) {","  if (!(this instanceof OAuth2Error))","    return new OAuth2Error(error, description, err);","","  Error.call(this);","","  this.name = this.constructor.name;","  if (err instanceof Error) {","    this.message = err.message;","    this.stack = err.stack;","  } else {","    this.message = description;","    Error.captureStackTrace(this, this.constructor);","  }","","  this.headers = {","    'Cache-Control': 'no-store',","    'Pragma': 'no-cache'","  };","","  switch (error) {","    case 'invalid_client':","      this.headers['WWW-Authenticate'] = 'Basic realm=\"Service\"';","      /* falls through */","    case 'invalid_grant':","    case 'invalid_request':","      this.code = 400;","      break;","    case 'invalid_token':","      this.code = 401;","      break;","    case 'server_error':","      this.code = 503;","      break;","    default:","      this.code = 500;","  }","","  this.error = error;","  this.error_description = description || error;","}","","util.inherits(OAuth2Error, Error);",""],"l":{"17":1,"19":1,"28":1,"29":0,"30":0,"32":0,"34":0,"35":0,"36":0,"37":0,"39":0,"40":0,"43":0,"48":0,"50":0,"54":0,"55":0,"57":0,"58":0,"60":0,"61":0,"63":0,"66":0,"67":0,"70":1}},"/home/travis/build/npmtest/node-npmtest-oauth2-server/node_modules/oauth2-server/lib/authCodeGrant.js":{"path":"/home/travis/build/npmtest/node-npmtest-oauth2-server/node_modules/oauth2-server/lib/authCodeGrant.js","s":{"1":1,"2":1,"3":1,"4":1,"5":0,"6":0,"7":0,"8":0,"9":0,"10":0,"11":0,"12":0,"13":0,"14":0,"15":0,"16":1,"17":0,"18":0,"19":0,"20":0,"21":0,"22":0,"23":0,"24":0,"25":0,"26":0,"27":0,"28":0,"29":0,"30":0,"31":1,"32":0,"33":0,"34":0,"35":0,"36":0,"37":0,"38":0,"39":0,"40":0,"41":0,"42":0,"43":0,"44":0,"45":0,"46":0,"47":1,"48":0,"49":0,"50":0,"51":0,"52":0,"53":0,"54":0,"55":0,"56":1,"57":0,"58":0,"59":0,"60":0,"61":1,"62":0,"63":0,"64":0,"65":0,"66":0,"67":0,"68":1,"69":0,"70":0,"71":0},"b":{"1":[0,0],"2":[0,0],"3":[0,0],"4":[0,0],"5":[0,0],"6":[0,0],"7":[0,0],"8":[0,0],"9":[0,0],"10":[0,0],"11":[0,0],"12":[0,0],"13":[0,0],"14":[0,0],"15":[0,0],"16":[0,0],"17":[0,0],"18":[0,0],"19":[0,0],"20":[0,0],"21":[0,0]},"f":{"1":0,"2":0,"3":0,"4":0,"5":0,"6":0,"7":0,"8":0,"9":0,"10":0,"11":0,"12":0},"fnMap":{"1":{"name":"AuthCodeGrant","line":45,"loc":{"start":{"line":45,"column":0},"end":{"line":45,"column":54}}},"2":{"name":"(anonymous_2)","line":53,"loc":{"start":{"line":53,"column":20},"end":{"line":53,"column":35}}},"3":{"name":"checkParams","line":72,"loc":{"start":{"line":72,"column":0},"end":{"line":72,"column":28}}},"4":{"name":"checkClient","line":107,"loc":{"start":{"line":107,"column":0},"end":{"line":107,"column":28}}},"5":{"name":"(anonymous_5)","line":109,"loc":{"start":{"line":109,"column":44},"end":{"line":109,"column":67}}},"6":{"name":"checkUserApproved","line":138,"loc":{"start":{"line":138,"column":0},"end":{"line":138,"column":34}}},"7":{"name":"(anonymous_7)","line":140,"loc":{"start":{"line":140,"column":23},"end":{"line":140,"column":53}}},"8":{"name":"generateCode","line":159,"loc":{"start":{"line":159,"column":0},"end":{"line":159,"column":29}}},"9":{"name":"(anonymous_9)","line":161,"loc":{"start":{"line":161,"column":36},"end":{"line":161,"column":57}}},"10":{"name":"saveAuthCode","line":173,"loc":{"start":{"line":173,"column":0},"end":{"line":173,"column":29}}},"11":{"name":"(anonymous_11)","line":178,"loc":{"start":{"line":178,"column":17},"end":{"line":178,"column":32}}},"12":{"name":"redirect","line":190,"loc":{"start":{"line":190,"column":0},"end":{"line":190,"column":25}}}},"statementMap":{"1":{"start":{"line":17,"column":0},"end":{"line":19,"column":29}},"2":{"start":{"line":21,"column":0},"end":{"line":21,"column":31}},"3":{"start":{"line":28,"column":0},"end":{"line":35,"column":2}},"4":{"start":{"line":45,"column":0},"end":{"line":64,"column":1}},"5":{"start":{"line":46,"column":2},"end":{"line":46,"column":23}},"6":{"start":{"line":47,"column":2},"end":{"line":47,"column":28}},"7":{"start":{"line":48,"column":2},"end":{"line":48,"column":17}},"8":{"start":{"line":49,"column":2},"end":{"line":49,"column":17}},"9":{"start":{"line":50,"column":2},"end":{"line":50,"column":21}},"10":{"start":{"line":52,"column":2},"end":{"line":52,"column":18}},"11":{"start":{"line":53,"column":2},"end":{"line":63,"column":5}},"12":{"start":{"line":54,"column":4},"end":{"line":60,"column":5}},"13":{"start":{"line":56,"column":6},"end":{"line":57,"column":77}},"14":{"start":{"line":59,"column":6},"end":{"line":59,"column":63}},"15":{"start":{"line":62,"column":4},"end":{"line":62,"column":14}},"16":{"start":{"line":72,"column":0},"end":{"line":99,"column":1}},"17":{"start":{"line":73,"column":2},"end":{"line":73,"column":27}},"18":{"start":{"line":74,"column":2},"end":{"line":74,"column":29}},"19":{"start":{"line":75,"column":2},"end":{"line":75,"column":61}},"20":{"start":{"line":75,"column":23},"end":{"line":75,"column":61}},"21":{"start":{"line":78,"column":2},"end":{"line":78,"column":64}},"22":{"start":{"line":79,"column":2},"end":{"line":82,"column":3}},"23":{"start":{"line":80,"column":4},"end":{"line":81,"column":59}},"24":{"start":{"line":85,"column":2},"end":{"line":85,"column":52}},"25":{"start":{"line":86,"column":2},"end":{"line":89,"column":3}},"26":{"start":{"line":87,"column":4},"end":{"line":88,"column":49}},"27":{"start":{"line":92,"column":2},"end":{"line":92,"column":61}},"28":{"start":{"line":93,"column":2},"end":{"line":96,"column":3}},"29":{"start":{"line":94,"column":4},"end":{"line":95,"column":52}},"30":{"start":{"line":98,"column":2},"end":{"line":98,"column":9}},"31":{"start":{"line":107,"column":0},"end":{"line":130,"column":1}},"32":{"start":{"line":108,"column":2},"end":{"line":108,"column":18}},"33":{"start":{"line":109,"column":2},"end":{"line":129,"column":5}},"34":{"start":{"line":110,"column":4},"end":{"line":110,"column":60}},"35":{"start":{"line":110,"column":13},"end":{"line":110,"column":60}},"36":{"start":{"line":112,"column":4},"end":{"line":121,"column":5}},"37":{"start":{"line":113,"column":6},"end":{"line":113,"column":73}},"38":{"start":{"line":114,"column":11},"end":{"line":121,"column":5}},"39":{"start":{"line":115,"column":6},"end":{"line":117,"column":7}},"40":{"start":{"line":116,"column":8},"end":{"line":116,"column":77}},"41":{"start":{"line":118,"column":6},"end":{"line":118,"column":44}},"42":{"start":{"line":119,"column":11},"end":{"line":121,"column":5}},"43":{"start":{"line":120,"column":6},"end":{"line":120,"column":75}},"44":{"start":{"line":125,"column":4},"end":{"line":125,"column":34}},"45":{"start":{"line":126,"column":4},"end":{"line":126,"column":25}},"46":{"start":{"line":128,"column":4},"end":{"line":128,"column":11}},"47":{"start":{"line":138,"column":0},"end":{"line":151,"column":1}},
[...]
":250,"column":4}},{"start":{"line":250,"column":4},"end":{"line":250,"column":4}}]},"29":{"line":252,"type":"if","locations":[{"start":{"line":252,"column":4},"end":{"line":252,"column":4}},{"start":{"line":252,"column":4},"end":{"line":252,"column":4}}]},"30":{"line":252,"type":"binary-expr","locations":[{"start":{"line":252,"column":8},"end":{"line":252,"column":21}},{"start":{"line":252,"column":25},"end":{"line":252,"column":71}}]},"31":{"line":254,"type":"if","locations":[{"start":{"line":254,"column":11},"end":{"line":254,"column":11}},{"start":{"line":254,"column":11},"end":{"line":254,"column":11}}]},"32":{"line":254,"type":"binary-expr","locations":[{"start":{"line":254,"column":15},"end":{"line":254,"column":44}},{"start":{"line":255,"column":8},"end":{"line":255,"column":39}}]},"33":{"line":259,"type":"if","locations":[{"start":{"line":259,"column":4},"end":{"line":259,"column":4}},{"start":{"line":259,"column":4},"end":{"line":259,"column":4}}]},"34":{"line":259,"type":"binary-expr","locations":[{"start":{"line":259,"column":8},"end":{"line":259,"column":26}},{"start":{"line":259,"column":30},"end":{"line":259,"column":50}}]},"35":{"line":264,"type":"binary-expr","locations":[{"start":{"line":264,"column":16},"end":{"line":264,"column":33}},{"start":{"line":264,"column":37},"end":{"line":264,"column":64}}]},"36":{"line":266,"type":"if","locations":[{"start":{"line":266,"column":4},"end":{"line":266,"column":4}},{"start":{"line":266,"column":4},"end":{"line":266,"column":4}}]},"37":{"line":268,"type":"if","locations":[{"start":{"line":268,"column":8},"end":{"line":268,"column":8}},{"start":{"line":268,"column":8},"end":{"line":268,"column":8}}]},"38":{"line":287,"type":"if","locations":[{"start":{"line":287,"column":2},"end":{"line":287,"column":2}},{"start":{"line":287,"column":2},"end":{"line":287,"column":2}}]},"39":{"line":287,"type":"binary-expr","locations":[{"start":{"line":287,"column":6},"end":{"line":287,"column":15}},{"start":{"line":287,"column":19},"end":{"line":287,"column":32}}]},"40":{"line":295,"type":"if","locations":[{"start":{"line":295,"column":4},"end":{"line":295,"column":4}},{"start":{"line":295,"column":4},"end":{"line":295,"column":4}}]},"41":{"line":296,"type":"if","locations":[{"start":{"line":296,"column":4},"end":{"line":296,"column":4}},{"start":{"line":296,"column":4},"end":{"line":296,"column":4}}]},"42":{"line":314,"type":"if","locations":[{"start":{"line":314,"column":4},"end":{"line":314,"column":4}},{"start":{"line":314,"column":4},"end":{"line":314,"column":4}}]},"43":{"line":315,"type":"binary-expr","locations":[{"start":{"line":315,"column":24},"end":{"line":315,"column":33}},{"start":{"line":315,"column":37},"end":{"line":315,"column":51}}]},"44":{"line":316,"type":"binary-expr","locations":[{"start":{"line":316,"column":8},"end":{"line":316,"column":23}},{"start":{"line":316,"column":27},"end":{"line":316,"column":38}}]},"45":{"line":319,"type":"if","locations":[{"start":{"line":319,"column":4},"end":{"line":319,"column":4}},{"start":{"line":319,"column":4},"end":{"line":319,"column":4}}]},"46":{"line":322,"type":"if","locations":[{"start":{"line":322,"column":11},"end":{"line":322,"column":11}},{"start":{"line":322,"column":11},"end":{"line":322,"column":11}}]},"47":{"line":322,"type":"binary-expr","locations":[{"start":{"line":322,"column":15},"end":{"line":322,"column":20}},{"start":{"line":322,"column":24},"end":{"line":322,"column":45}}]},"48":{"line":340,"type":"if","locations":[{"start":{"line":340,"column":4},"end":{"line":340,"column":4}},{"start":{"line":340,"column":4},"end":{"line":340,"column":4}}]},"49":{"line":342,"type":"if","locations":[{"start":{"line":342,"column":4},"end":{"line":342,"column":4}},{"start":{"line":342,"column":4},"end":{"line":342,"column":4}}]},"50":{"line":387,"type":"if","locations":[{"start":{"line":387,"column":2},"end":{"line":387,"column":2}},{"start":{"line":387,"column":2},"end":{"line":387,"column":2}}]},"51":{"line":387,"type":"binary-expr","locations":[{"start":{"line":387,"column":6},"end":{"line":387,"column":37}},{"start":{"line":387,"column":41},"end":{"line":387,"column":64}}]},"52":{"line":393,"type":"if","locations":[{"start":{"line":393,"column":2},"end":{"line":393,"column":2}},{"start":{"line":393,"column":2},"end":{"line":393,"column":2}}]},"53":{"line":400,"type":"if","locations":[{"start":{"line":400,"column":4},"end":{"line":400,"column":4}},{"start":{"line":400,"column":4},"end":{"line":400,"column":4}}]},"54":{"line":412,"type":"if","locations":[{"start":{"line":412,"column":2},"end":{"line":412,"column":2}},{"start":{"line":412,"column":2},"end":{"line":412,"column":2}}]},"55":{"line":430,"type":"if","locations":[{"start":{"line":430,"column":2},"end":{"line":430,"column":2}},{"start":{"line":430,"column":2},"end":{"line":430,"column":2}}]},"56":{"line":433,"type":"if","locations":[{"start":{"line":433,"column":2},"end":{"line":433,"column":2}},{"start":{"line":433,"column":2},"end":{"line":433,"column":2}}]},"57":{"line":433,"type":"binary-expr","locations":[{"start":{"line":433,"column":6},"end":{"line":433,"column":38}},{"start":{"line":433,"column":42},"end":{"line":433,"column":67}}]},"58":{"line":439,"type":"if","locations":[{"start":{"line":439,"column":2},"end":{"line":439,"column":2}},{"start":{"line":439,"column":2},"end":{"line":439,"column":2}}]},"59":{"line":446,"type":"if","locations":[{"start":{"line":446,"column":4},"end":{"line":446,"column":4}},{"start":{"line":446,"column":4},"end":{"line":446,"column":4}}]},"60":{"line":463,"type":"if","locations":[{"start":{"line":463,"column":2},"end":{"line":463,"column":2}},{"start":{"line":463,"column":2},"end":{"line":463,"column":2}}]},"61":{"line":467,"type":"if","locations":[{"start":{"line":467,"column":2},"end":{"line":467,"column":2}},{"start":{"line":467,"column":2},"end":{"line":467,"column":2}}]},"62":{"line":472,"type":"if","locations":[{"start":{"line":472,"column":2},"end":{"line":472,"column":2}},{"start":{"line":472,"column":2},"end":{"line":472,"column":2}}]}},"code":["/**"," * Copyright 2013-present NightWorld."," *"," * Licensed under the Apache License, Version 2.0 (the \"License\");"," * you may not use this file except in compliance with the License."," * You may obtain a copy of the License at"," *"," *    http://www.apache.org/licenses/LICENSE-2.0"," *"," * Unless required by applicable law or agreed to in writing, software"," * distributed under the License is distributed on an \"AS IS\" BASIS,"," * WITHOUT WARRANTIES OR CONDITIONS OF ANY KIND, either express or implied."," * See the License for the specific language governing permissions and"," * limitations under the License."," */","","var auth = require('basic-auth'),","  error = require('./error'),","  runner = require('./runner'),","  token = require('./token');","","module.exports = Grant;","","/**"," * This is the function order used by the runner"," *"," * @type {Array}"," */","var fns = [","  extractCredentials,","  checkClient,","  checkGrantTypeAllowed,","  checkGrantType,","  exposeUser,","  generateAccessToken,","  saveAccessToken,","  generateRefreshToken,","  saveRefreshToken,","  sendResponse","];","","/**"," * Grant"," *"," * @param {Object}   config Instance of OAuth object"," * @param {Object}   req"," * @param {Object}   res"," * @param {Function} next"," */","function Grant (config, req, res, next) {","  this.config = config;","  this.model = config.model;","  this.now = new Date();","  this.req = req;","  this.res = res;","","  runner(fns, this, next);","}","","/**"," * Basic request validation and extraction of grant_type and client creds"," *"," * @param  {Function} done"," * @this   OAuth"," */","function extractCredentials (done) {","  // Only POST via application/x-www-form-urlencoded is acceptable","  if (this.req.method !== 'POST' ||","      !this.req.is('application/x-www-form-urlencoded')) {","    return done(error('invalid_request',","      'Method must be POST with application/x-www-form-urlencoded encoding'));","  }","","  // Grant type","  this.grantType = this.req.body && this.req.body.grant_type;","  if (!this.grantType || !this.grantType.match(this.config.regex.grantType)) {","    return done(error('invalid_request',","      'Invalid or missing grant_type parameter'));","  }","","  // Extract credentials","  // http://tools.ietf.org/html/rfc6749#section-3.2.1","  this.client = credsFromBasic(this.req) || credsFromBody(this.req);","  if (!this.client.clientId ||","      !this.client.clientId.match(this.config.regex.clientId)) {","    return done(error('invalid_client',","      'Invalid or missing client_id parameter'));","  } else if (!this.client.clientSecret) {","    return done(error('invalid_client', 'Missing client_secret parameter'));","  }","","  done();","}","","/**"," * Client Object (internal use only)"," *"," * @param {String} id     client_id"," * @param {String} secret client_secret"," */","function Client (id, secret) {","  this.clientId = id;","  this.clientSecret = secret;","}","","/**"," * Extract client creds from Basic auth"," *"," * @return {Object} Client"," */","function credsFromBasic (req) {","  var user = auth(req);","","  if (!user) return false;","","  return new Client(user.name, user.pass);","}","","/**"," * Extract client creds from body"," *"," * @return {Object} Client"," */","function credsFromBody (req) {","  return new Client(req.body.client_id, req.body.client_secret);","}","","/**"," * Check extracted client against model"," *"," * @param  {Function} done"," * @this   OAuth"," */","function checkClient (done) {","  var self = this;","  this.model.getClient(this.client.clientId, this.client.clientSecret,","      function (err, client) {","    if (err) return done(error('server_error', false, err));","","    if (!client) {","      return done(error('invalid_client', 'Client credentials are invalid'));","    }","","    // Expose validated client","    self.req.oauth = { client: client };","","    done();","  });","}","","/**"," * Delegate to the relvant grant function based on grant_type"," *"," * @param  {Function} done"," * @this   OAuth"," */","function checkGrantType (done) {","  if (this.grantType.match(/^[a-zA-Z][a-zA-Z0-9+.-]+:/)","      && this.model.extendedGrant) {","    return useExtendedGrant.call(this, done);","  }","","  switch (this.grantType) {","    case 'authorization_code':","      return useAuthCodeGrant.call(this, done);","    case 'password':","      return usePasswordGrant.call(this, done);","    case 'refresh_token':","      return useRefreshTokenGrant.call(this, done);","    case 'client_credentials':","      return useClientCredentialsGrant.call(this, done);","    default:","      done(error('invalid_request',","        'Invalid grant_type parameter or parameter missing'));","  }","}","","/**"," * Grant for authorization_code grant type"," *"," * @param  {Function} done"," */","function useAuthCodeGrant (done) {","  var code = this.req.body.code;","","  if (!code) {","    return done(error('invalid_request', 'No \"code\" parameter'));","  }","","  var self = this;","  this.model.getAuthCode(code, function (err, authCode) {","    if (err) return done(error('server_error', false, err));","","    if (!authCode || authCode.clientId !== self.client.clientId) {","      return done(error('invalid_grant', 'Invalid code'));","    } else if (authCode.expires < self.now) {","      return done(error('invalid_grant', 'Code has expired'));","    }","","    self.user = authCode.user || { id: authCode.userId };","    if (!self.user.id) {","      return done(error('server_error', false,","        'No user/userId parameter returned from getauthCode'));","    }","","    done();","  });","}","","/**"," * Grant for password grant type"," *"," * @param  {Function} done"," */","function usePasswordGrant (done) {","  // User credentials","  var uname = this.req.body.username,","    pword = this.req.body.password;","  if (!uname || !pword) {","    return done(error('invalid_client',","      'Missing parameters. \"username\" and \"password\" are required'));","  }","","  var self = this;","  return this.model.getUser(uname, pword, function (err, user) {","    if (err) return done(error('server_error', false, err));","    if (!user) {","      return done(error('invalid_grant', 'User credentials are invalid'));","    }","","    self.user = user;","    done();","  });","}","","/**"," * Grant for refresh_token grant type"," *"," * @param  {Function} done"," */","function useRefreshTokenGrant (done) {","  var token = this.req.body.refresh_token;","","  if (!token) {","    return done(error('invalid_request', 'No \"refresh_token\" parameter'));","  }","","  var self = this;","  this.model.getRefreshToken(token, function (err, refreshToken) {","    if (err) return done(error('server_error', false, err));","","    if (!refreshToken || refreshToken.clientId !== self.client.clientId) {","      return done(error('invalid_grant', 'Invalid refresh token'));","    } else if (refreshToken.expires !== null &&","        refreshToken.expires < self.now) {","      return done(error('invalid_grant', 'Refresh token has expired'));","    }","","    if (!refreshToken.user && !refreshToken.userId) {","      return done(error('server_error', false,","        'No user/userId parameter returned from getRefreshToken'));","    }","","    self.user = refreshToken.user || { id: refreshToken.userId };","","    if (self.model.revokeRefreshToken) {","      return self.model.revokeRefreshToken(token, function (err) {","        if (err) return done(error('server_error', false, err));","        done();","      });","    }","","    done();","  });","}","","/**"," * Grant for client_credentials grant type"," *"," * @param  {Function} done"," */","function useClientCredentialsGrant (done) {","  // Client credentials","  var clientId = this.client.clientId,","    clientSecret = this.client.clientSecret;","","  if (!clientId || !clientSecret) {","    return done(error('invalid_client',","      'Missing parameters. \"client_id\" and \"client_secret\" are required'));","  }","","  var self = this;","  return this.model.getUserFromClient(clientId, clientSecret,","      function (err, user) {","    if (err) return done(error('server_error', false, err));","    if (!user) {","      return done(error('invalid_grant', 'Client credentials are invalid'));","    }","","    self.user = user;","    done();","  });","}","","/**"," * Grant for extended (http://*) grant type"," *"," * @param  {Function} done"," */","function useExtendedGrant (done) {","  var self = this;","  this.model.extendedGrant(this.grantType, this.req,","      function (err, supported, user) {","    if (err) {","      return done(error(err.error || 'server_error',","        err.description || err.message, err));","    }","","    if (!supported) {","      return done(error('invalid_request',","        'Invalid grant_type parameter or parameter missing'));","    } else if (!user || user.id === undefined) {","      return done(error('invalid_request', 'Invalid request.'));","    }","","    self.user = user;","    done();","  });","}","","/**"," * Check the grant type is allowed for this client"," *"," * @param  {Function} done"," * @this   OAuth"," */","function checkGrantTypeAllowed (done) {","  this.model.grantTypeAllowed(this.client.clientId, this.grantType,","      function (err, allowed) {","    if (err) return done(error('server_error', false, err));","","    if (!allowed) {","      return done(error('invalid_client',","        'The grant type is unauthorised for this client_id'));","    }","","    done();","  });","}","","/**"," * Expose user"," *"," * @param  {Function} done"," * @this   OAuth"," */","function exposeUser (done) {","  this.req.user = this.user;","","  done();","}","","/**"," * Generate an access token"," *"," * @param  {Function} done"," * @this   OAuth"," */","function generateAccessToken (done) {","  var self = this;","  token(this, 'accessToken', function (err, token) {","    self.accessToken = token;","    done(err);","  });","}","","/**"," * Save access token with model"," *"," * @param  {Function} done"," * @this   OAuth"," */","function saveAccessToken (done) {","  var accessToken = this.accessToken;","","  // Object idicates a reissue","  if (typeof accessToken === 'object' && accessToken.accessToken) {","    this.accessToken = accessToken.accessToken;","    return done();","  }","","  var expires = null;","  if (this.config.accessTokenLifetime !== null) {","    expires = new Date(this.now);","    expires.setSeconds(expires.getSeconds() + this.config.accessTokenLifetime);","  }","","  this.model.saveAccessToken(accessToken, this.client.clientId, expires,","      this.user, function (err) {","    if (err) return done(error('server_error', false, err));","    done();","  });","}","","/**"," * Generate a refresh token"," *"," * @param  {Function} done"," * @this   OAuth"," */","function generateRefreshToken (done) {","  if (this.config.grants.indexOf('refresh_token') === -1) return done();","","  var self = this;","  token(this, 'refreshToken', function (err, token) {","    self.refreshToken = token;","    done(err);","  });","}","","/**"," * Save refresh token with model"," *"," * @param  {Function} done"," * @this   OAuth"," */","function saveRefreshToken (done) {","  var refreshToken = this.refreshToken;","","  if (!refreshToken) return done();","","  // Object idicates a reissue","  if (typeof refreshToken === 'object' && refreshToken.refreshToken) {","    this.refreshToken = refreshToken.refreshToken;","    return done();","  }","","  var expires = null;","  if (this.config.refreshTokenLifetime !== null) {","    expires = new Date(this.now);","    expires.setSeconds(expires.getSeconds() + this.config.refreshTokenLifetime);","  }","","  this.model.saveRefreshToken(refreshToken, this.client.clientId, expires,","      this.user, function (err) {","    if (err) return done(error('server_error', false, err));","    done();","  });","}","","/**"," * Create an access token and save it with the model"," *"," * @param  {Function} done"," * @this   OAuth"," */","function sendResponse (done) {","  var response = {","    token_type: 'bearer',","    access_token: this.accessToken","  };","","  if (this.config.accessTokenLifetime !== null) {","    response.expires_in = this.config.accessTokenLifetime;","  }","","  if (this.refreshToken) response.refresh_token = this.refreshToken;","","  this.res.set({'Cache-Control': 'no-store', 'Pragma': 'no-cache'});","  this.res.jsonp(response);","","  if (this.config.continueAfterResponse)","    done();","}",""],"l":{"17":1,"22":1,"29":1,"50":1,"51":0,"52":0,"53":0,"54":0,"55":0,"57":0,"66":1,"68":0,"70":0,"75":0,"76":0,"77":0,"83":0,"84":0,"86":0,"88":0,"89":0,"92":0,"101":1,"102":0,"103":0,"111":1,"112":0,"114":0,"116":0,"124":1,"125":0,"134":1,"135":0,"136":0,"138":0,"140":0,"141":0,"145":0,"147":0,"157":1,"158":0,"160":0,"163":0,"165":0,"167":0,"169":0,"171":0,"173":0,"183":1,"184":0,"186":0,"187":0,"190":0,"191":0,"192":0,"194":0,"195":0,"196":0,"197":0,"200":0,"201":0,"202":0,"206":0,"215":1,"217":0,"219":0,"220":0,"224":0,"225":0,"226":0,"227":0,"228":0,"231":0,"232":0,"241":1,"242":0,"244":0,"245":0,"248":0,"249":0,"250":0,"252":0,"253":0,"254":0,"256":0,"259":0,"260":0,"264":0,"266":0,"267":0,"268":0,"269":0,"273":0,"282":1,"284":0,"287":0,"288":0,"292":0,"293":0,"295":0,"296":0,"297":0,"300":0,"301":0,"310":1,"311":0,"312":0,"314":0,"315":0,"319":0,"320":0,"322":0,"323":0,"326":0,"327":0,"337":1,"338":0,"340":0,"342":0,"343":0,"347":0,"357":1,"358":0,"360":0,"369":1,"370":0,"371":0,"372":0,"373":0,"383":1,"384":0,"387":0,"388":0,"389":0,"392":0,"393":0,"394":0,"395":0,"398":0,"400":0,"401":0,"411":1,"412":0,"414":0,"415":0,"416":0,"417":0,"427":1,"428":0,"430":0,"433":0,"434":0,"435":0,"438":0,"439":0,"440":0,"441":0,"444":0,"446":0,"447":0,"457":1,"458":0,"463":0,"464":0,"467":0,"469":0,"470":0,"472":0,"473":0}}}